created setup with 4096 bodies
plot initial setup plus every 0.100000001490116 time units
plot next snapshot,	 time step=0,	 t=0,	 dt=0.00100000004749745,	 v_max=0,	 dx_min=0
plot next snapshot,	 time step=100,	 t=0.100000004749745,	 dt=0.00100000004749745,	 v_max=30917.6891865058,	 dx_min=0.0506670371229552
plot next snapshot,	 time step=200,	 t=0.20000000949949,	 dt=0.00100000004749745,	 v_max=30917.6891736906,	 dx_min=0.0283299965587035
plot next snapshot,	 time step=300,	 t=0.300000014249235,	 dt=0.00100000004749745,	 v_max=30917.6891695783,	 dx_min=0.0733847216115206
plot next snapshot,	 time step=400,	 t=0.400000018998981,	 dt=0.00100000004749745,	 v_max=30917.6891675507,	 dx_min=0.141538177333634
plot next snapshot,	 time step=500,	 t=0.500000023748726,	 dt=0.00100000004749745,	 v_max=30917.6891663433,	 dx_min=0.263049756975297
plot next snapshot,	 time step=600,	 t=0.600000028498471,	 dt=0.00100000004749745,	 v_max=30917.689165542,	 dx_min=0.140759579482876
plot next snapshot,	 time step=700,	 t=0.700000033248216,	 dt=0.00100000004749745,	 v_max=30917.6891649714,	 dx_min=0.170775698253055
plot next snapshot,	 time step=800,	 t=0.800000037997961,	 dt=0.00100000004749745,	 v_max=30917.6891645445,	 dx_min=0.226496042347562
plot next snapshot,	 time step=900,	 t=0.900000042747706,	 dt=0.00100000004749745,	 v_max=30917.689164213,	 dx_min=0.176484955220144
plot next snapshot,	 time step=1000,	 t=1.00000004749745,	 dt=0.00100000004749745,	 v_max=30917.6891639482,	 dx_min=0.168341947983321
plot next snapshot,	 time step=1100,	 t=1.1000000522472,	 dt=0.00100000004749745,	 v_max=30917.6891637318,	 dx_min=0.23081127956477
plot next snapshot,	 time step=1200,	 t=1.20000005699694,	 dt=0.00100000004749745,	 v_max=30917.6891635517,	 dx_min=0.0807057638572966
plot next snapshot,	 time step=1300,	 t=1.30000006174669,	 dt=0.00100000004749745,	 v_max=30917.6891633993,	 dx_min=0.104633176318853
plot next snapshot,	 time step=1400,	 t=1.40000006649643,	 dt=0.00100000004749745,	 v_max=30917.6891632688,	 dx_min=0.0989293678741798
plot next snapshot,	 time step=1500,	 t=1.50000007124618,	 dt=0.00100000004749745,	 v_max=30917.6891631558,	 dx_min=0.123493572939376
plot next snapshot,	 time step=1600,	 t=1.60000007599592,	 dt=0.00100000004749745,	 v_max=30917.6891630569,	 dx_min=0.196414303738599
plot next snapshot,	 time step=1700,	 t=1.70000008074567,	 dt=0.00100000004749745,	 v_max=30917.6891629697,	 dx_min=0.131428936125279
plot next snapshot,	 time step=1800,	 t=1.80000008549541,	 dt=0.00100000004749745,	 v_max=30917.6891628923,	 dx_min=0.108265379568569
plot next snapshot,	 time step=1900,	 t=1.90000009024516,	 dt=0.00100000004749745,	 v_max=30917.689162823,	 dx_min=0.237500913018304
plot next snapshot,	 time step=2000,	 t=2.0000000949949,	 dt=0.00100000004749745,	 v_max=30917.6891627606,	 dx_min=0.218477634112479
plot next snapshot,	 time step=2100,	 t=2.10000009974465,	 dt=0.00100000004749745,	 v_max=30917.6891627042,	 dx_min=0.289524855436206
plot next snapshot,	 time step=2200,	 t=2.20000010449439,	 dt=0.00100000004749745,	 v_max=30917.689162653,	 dx_min=0.182726867028347
plot next snapshot,	 time step=2300,	 t=2.30000010924414,	 dt=0.00100000004749745,	 v_max=30917.6891626062,	 dx_min=0.226654296876896
plot next snapshot,	 time step=2400,	 t=2.40000011399388,	 dt=0.00100000004749745,	 v_max=30917.6891625633,	 dx_min=0.245878452533142
plot next snapshot,	 time step=2500,	 t=2.50000011874363,	 dt=0.00100000004749745,	 v_max=30917.6891625239,	 dx_min=0.226399109983677
plot next snapshot,	 time step=2600,	 t=2.60000012349337,	 dt=0.00100000004749745,	 v_max=30917.6891624875,	 dx_min=0.10801324102472
plot next snapshot,	 time step=2700,	 t=2.70000012824312,	 dt=0.00100000004749745,	 v_max=30917.6891624538,	 dx_min=0.315896637003978
plot next snapshot,	 time step=2800,	 t=2.80000013299286,	 dt=0.00100000004749745,	 v_max=30917.6891624225,	 dx_min=0.137038355090387
plot next snapshot,	 time step=2900,	 t=2.90000013774261,	 dt=0.00100000004749745,	 v_max=30917.6891623934,	 dx_min=0.155845788992266
plot next snapshot,	 time step=3000,	 t=3.00000014249235,	 dt=0.00100000004749745,	 v_max=30917.6891623662,	 dx_min=0.217534013358881
plot next snapshot,	 time step=3100,	 t=3.1000001472421,	 dt=0.00100000004749745,	 v_max=30917.6891623408,	 dx_min=0.367852896621024
plot next snapshot,	 time step=3200,	 t=3.20000015199184,	 dt=0.00100000004749745,	 v_max=30917.689162317,	 dx_min=0.27744254059117
plot next snapshot,	 time step=3300,	 t=3.30000015674159,	 dt=0.00100000004749745,	 v_max=30917.6891622946,	 dx_min=0.227035916093521
plot next snapshot,	 time step=3400,	 t=3.40000016149133,	 dt=0.00100000004749745,	 v_max=30917.6891622735,	 dx_min=0.274746052800376
plot next snapshot,	 time step=3500,	 t=3.50000016624108,	 dt=0.00100000004749745,	 v_max=30917.6891622537,	 dx_min=0.213484168044598
plot next snapshot,	 time step=3600,	 t=3.60000017099082,	 dt=0.00100000004749745,	 v_max=30917.6891622349,	 dx_min=0.264015047611932
plot next snapshot,	 time step=3700,	 t=3.70000017574057,	 dt=0.00100000004749745,	 v_max=30917.6891622172,	 dx_min=0.256261997862744
plot next snapshot,	 time step=3800,	 t=3.80000018049031,	 dt=0.00100000004749745,	 v_max=30917.6891622004,	 dx_min=0.155321859248789
plot next snapshot,	 time step=3900,	 t=3.90000018524006,	 dt=0.00100000004749745,	 v_max=30917.6891621844,	 dx_min=0.216100866856713
plot next snapshot,	 time step=4000,	 t=4.00000018998981,	 dt=0.00100000004749745,	 v_max=30917.6891621693,	 dx_min=0.252969785770882
plot next snapshot,	 time step=4100,	 t=4.10000019473955,	 dt=0.00100000004749745,	 v_max=30917.6891621549,	 dx_min=0.247564997587203
plot next snapshot,	 time step=4200,	 t=4.2000001994893,	 dt=0.00100000004749745,	 v_max=30917.6891621412,	 dx_min=0.270642641082167
plot next snapshot,	 time step=4300,	 t=4.30000020423904,	 dt=0.00100000004749745,	 v_max=30917.6891621281,	 dx_min=0.346753826967349
plot next snapshot,	 time step=4400,	 t=4.40000020898879,	 dt=0.00100000004749745,	 v_max=30917.6891621156,	 dx_min=0.164106731397311
plot next snapshot,	 time step=4500,	 t=4.50000021373853,	 dt=0.00100000004749745,	 v_max=30917.6891621037,	 dx_min=0.190792333951325
plot next snapshot,	 time step=4600,	 t=4.60000021848828,	 dt=0.00100000004749745,	 v_max=30917.6891620923,	 dx_min=0.386633647974846
plot next snapshot,	 time step=4700,	 t=4.70000022323802,	 dt=0.00100000004749745,	 v_max=30917.6891620814,	 dx_min=0.415082578885699
plot next snapshot,	 time step=4800,	 t=4.80000022798777,	 dt=0.00100000004749745,	 v_max=30917.6891620709,	 dx_min=0.314020580006781
plot next snapshot,	 time step=4900,	 t=4.90000023273751,	 dt=0.00100000004749745,	 v_max=30917.6891620608,	 dx_min=0.241279771591082
plot next snapshot,	 time step=5000,	 t=5.00000023748726,	 dt=0.00100000004749745,	 v_max=30917.6891620512,	 dx_min=0.291561071979116
plot next snapshot,	 time step=5100,	 t=5.100000242237,	 dt=0.00100000004749745,	 v_max=30917.689162042,	 dx_min=0.226239441814892
plot next snapshot,	 time step=5200,	 t=5.20000024698675,	 dt=0.00100000004749745,	 v_max=30917.689162033,	 dx_min=0.130101844753744
plot next snapshot,	 time step=5300,	 t=5.30000025173649,	 dt=0.00100000004749745,	 v_max=30917.6891620245,	 dx_min=0.147477381163355
plot next snapshot,	 time step=5400,	 t=5.40000025648624,	 dt=0.00100000004749745,	 v_max=30917.6891620162,	 dx_min=0.260828922771595
plot next snapshot,	 time step=5500,	 t=5.50000026123598,	 dt=0.00100000004749745,	 v_max=30917.6891620083,	 dx_min=0.130386488375354
plot next snapshot,	 time step=5600,	 t=5.60000026598573,	 dt=0.00100000004749745,	 v_max=30917.6891620006,	 dx_min=0.244363667270408
plot next snapshot,	 time step=5700,	 t=5.70000027073547,	 dt=0.00100000004749745,	 v_max=30917.6891619932,	 dx_min=0.297918493057808
plot next snapshot,	 time step=5800,	 t=5.80000027548522,	 dt=0.00100000004749745,	 v_max=30917.6891619861,	 dx_min=0.308253403675752
plot next snapshot,	 time step=5900,	 t=5.90000028023496,	 dt=0.00100000004749745,	 v_max=30917.6891619792,	 dx_min=0.0955491402436024
plot next snapshot,	 time step=6000,	 t=6.00000028498471,	 dt=0.00100000004749745,	 v_max=30917.6891619725,	 dx_min=0.236470418654688
plot next snapshot,	 time step=6100,	 t=6.10000028973445,	 dt=0.00100000004749745,	 v_max=30917.6891619661,	 dx_min=0.264009409488835
plot next snapshot,	 time step=6200,	 t=6.2000002944842,	 dt=0.00100000004749745,	 v_max=30917.6891619599,	 dx_min=0.379587159633195
plot next snapshot,	 time step=6300,	 t=6.30000029923394,	 dt=0.00100000004749745,	 v_max=30917.6891619538,	 dx_min=0.408130245886378
plot next snapshot,	 time step=6400,	 t=6.40000030398369,	 dt=0.00100000004749745,	 v_max=30917.6891619479,	 dx_min=0.394232734333174
plot next snapshot,	 time step=6500,	 t=6.50000030873343,	 dt=0.00100000004749745,	 v_max=30917.6891619423,	 dx_min=0.320096490698467
plot next snapshot,	 time step=6600,	 t=6.60000031348318,	 dt=0.00100000004749745,	 v_max=30917.6891619368,	 dx_min=0.0992199434754737
plot next snapshot,	 time step=6700,	 t=6.70000031823292,	 dt=0.00100000004749745,	 v_max=30917.6891619314,	 dx_min=0.28508136837908
plot next snapshot,	 time step=6800,	 t=6.80000032298267,	 dt=0.00100000004749745,	 v_max=30917.6891619263,	 dx_min=0.25630662515677
plot next snapshot,	 time step=6900,	 t=6.90000032773241,	 dt=0.00100000004749745,	 v_max=30917.6891619212,	 dx_min=0.292936657922976
plot next snapshot,	 time step=7000,	 t=7.00000033248216,	 dt=0.00100000004749745,	 v_max=30917.6891619163,	 dx_min=0.349780566115152
plot next snapshot,	 time step=7100,	 t=7.1000003372319,	 dt=0.00100000004749745,	 v_max=30917.6891619116,	 dx_min=0.402231844294459
plot next snapshot,	 time step=7200,	 t=7.20000034198165,	 dt=0.00100000004749745,	 v_max=30917.689161907,	 dx_min=0.338571911068075
plot next snapshot,	 time step=7300,	 t=7.30000034673139,	 dt=0.00100000004749745,	 v_max=30917.6891619025,	 dx_min=0.28272714457905
plot next snapshot,	 time step=7400,	 t=7.40000035148114,	 dt=0.00100000004749745,	 v_max=30917.6891618981,	 dx_min=0.261505201147829
plot next snapshot,	 time step=7500,	 t=7.50000035623088,	 dt=0.00100000004749745,	 v_max=30917.6891618939,	 dx_min=0.291991426716079
plot next snapshot,	 time step=7600,	 t=7.60000036098063,	 dt=0.00100000004749745,	 v_max=30917.6891618898,	 dx_min=0.35082838581917
plot next snapshot,	 time step=7700,	 t=7.70000036573038,	 dt=0.00100000004749745,	 v_max=30917.6891618857,	 dx_min=0.274309575291115
plot next snapshot,	 time step=7800,	 t=7.80000037048012,	 dt=0.00100000004749745,	 v_max=30917.6891618817,	 dx_min=0.277871185348207
plot next snapshot,	 time step=7900,	 t=7.90000037522987,	 dt=0.00100000004749745,	 v_max=30917.6891618779,	 dx_min=0.35944941276565
plot next snapshot,	 time step=8000,	 t=8.00000037997961,	 dt=0.00100000004749745,	 v_max=30917.6891618743,	 dx_min=0.411736583849307
plot next snapshot,	 time step=8100,	 t=8.10000038472936,	 dt=0.00100000004749745,	 v_max=30917.6891618707,	 dx_min=0.353985925190526
plot next snapshot,	 time step=8200,	 t=8.2000003894791,	 dt=0.00100000004749745,	 v_max=30917.6891618671,	 dx_min=0.274633438160153
plot next snapshot,	 time step=8300,	 t=8.30000039422885,	 dt=0.00100000004749745,	 v_max=30917.6891618635,	 dx_min=0.286186696568322
plot next snapshot,	 time step=8400,	 t=8.40000039897859,	 dt=0.00100000004749745,	 v_max=30917.6891618601,	 dx_min=0.377861107580227
plot next snapshot,	 time step=8500,	 t=8.50000040372834,	 dt=0.00100000004749745,	 v_max=30917.6891618568,	 dx_min=0.476441943844716
plot next snapshot,	 time step=8600,	 t=8.60000040847808,	 dt=0.00100000004749745,	 v_max=30917.6891618537,	 dx_min=0.411891299499502
plot next snapshot,	 time step=8700,	 t=8.70000041322783,	 dt=0.00100000004749745,	 v_max=30917.6891618506,	 dx_min=0.338952236250263
plot next snapshot,	 time step=8800,	 t=8.80000041797757,	 dt=0.00100000004749745,	 v_max=30917.6891618475,	 dx_min=0.29964016247939
plot next snapshot,	 time step=8900,	 t=8.90000042272732,	 dt=0.00100000004749745,	 v_max=30917.6891618444,	 dx_min=0.296078393075626
plot next snapshot,	 time step=9000,	 t=9.00000042747706,	 dt=0.00100000004749745,	 v_max=30917.6891618414,	 dx_min=0.178979055313512
plot next snapshot,	 time step=9100,	 t=9.10000043222681,	 dt=0.00100000004749745,	 v_max=30917.6891618385,	 dx_min=0.192712269113174
plot next snapshot,	 time step=9200,	 t=9.20000043697655,	 dt=0.00100000004749745,	 v_max=30917.6891618356,	 dx_min=0.318372198585501
plot next snapshot,	 time step=9300,	 t=9.3000004417263,	 dt=0.00100000004749745,	 v_max=30917.689161833,	 dx_min=0.307131035780766
plot next snapshot,	 time step=9400,	 t=9.40000044647604,	 dt=0.00100000004749745,	 v_max=30917.6891618304,	 dx_min=0.158535383089493
plot next snapshot,	 time step=9500,	 t=9.50000045122579,	 dt=0.00100000004749745,	 v_max=30917.6891618278,	 dx_min=0.269171036503349
plot next snapshot,	 time step=9600,	 t=9.60000045597553,	 dt=0.00100000004749745,	 v_max=30917.6891618253,	 dx_min=0.339806278598751
plot next snapshot,	 time step=9700,	 t=9.70000046072528,	 dt=0.00100000004749745,	 v_max=30917.6891618227,	 dx_min=0.269348241858184
plot next snapshot,	 time step=9800,	 t=9.80000046547502,	 dt=0.00100000004749745,	 v_max=30917.6891618201,	 dx_min=0.189209891594666
plot next snapshot,	 time step=9900,	 t=9.90000047022477,	 dt=0.00100000004749745,	 v_max=30917.6891618175,	 dx_min=0.307715494291056
plot next snapshot,	 time step=10000,	 t=10.0000004749745,	 dt=0.00100000004749745,	 v_max=30917.689161815,	 dx_min=0.446150821618816
Number of remaining objects: 4096
Position of first remaining object: 661.625998733032, 698.955399652721, 671.998690690729
