created setup with 1000 bodies
plot initial setup plus every 0.100000001490116 time units
plot next snapshot,	 time step=0,	 t=0,	 dt=0.00100000004749745,	 v_max=0,	 dx_min=0
plot next snapshot,	 time step=100,	 t=0.100000004749745,	 dt=0.00100000004749745,	 v_max=3993.73868257733,	 dx_min=0.0279617819053287
plot next snapshot,	 time step=200,	 t=0.20000000949949,	 dt=0.00100000004749745,	 v_max=3993.73843610715,	 dx_min=0.0834233719401035
plot next snapshot,	 time step=300,	 t=0.300000014249235,	 dt=0.00100000004749745,	 v_max=3993.73836662418,	 dx_min=0.0403345936677712
plot next snapshot,	 time step=400,	 t=0.400000018998981,	 dt=0.00100000004749745,	 v_max=3993.73833385449,	 dx_min=0.181237836817487
plot next snapshot,	 time step=500,	 t=0.500000023748726,	 dt=0.00100000004749745,	 v_max=3993.73831478117,	 dx_min=0.181185155190204
plot next snapshot,	 time step=600,	 t=0.600000028498471,	 dt=0.00100000004749745,	 v_max=3993.73830230172,	 dx_min=0.117902574907136
plot next snapshot,	 time step=700,	 t=0.700000033248216,	 dt=0.00100000004749745,	 v_max=3993.73829350072,	 dx_min=0.108243487338406
plot next snapshot,	 time step=800,	 t=0.800000037997961,	 dt=0.00100000004749745,	 v_max=3993.7382869607,	 dx_min=0.18974725334613
plot next snapshot,	 time step=900,	 t=0.900000042747706,	 dt=0.00100000004749745,	 v_max=3993.73828190955,	 dx_min=0.118464748373047
plot next snapshot,	 time step=1000,	 t=1.00000004749745,	 dt=0.00100000004749745,	 v_max=3993.73827789081,	 dx_min=0.172357734210678
plot next snapshot,	 time step=1100,	 t=1.1000000522472,	 dt=0.00100000004749745,	 v_max=3993.73827461731,	 dx_min=0.039470021977239
plot next snapshot,	 time step=1200,	 t=1.20000005699694,	 dt=0.00100000004749745,	 v_max=3993.73827189933,	 dx_min=0.150055065827521
plot next snapshot,	 time step=1300,	 t=1.30000006174669,	 dt=0.00100000004749745,	 v_max=3993.73826960654,	 dx_min=0.179074189510747
plot next snapshot,	 time step=1400,	 t=1.40000006649643,	 dt=0.00100000004749745,	 v_max=3993.73826764638,	 dx_min=0.093212846601726
plot next snapshot,	 time step=1500,	 t=1.50000007124618,	 dt=0.00100000004749745,	 v_max=3993.73826595138,	 dx_min=0.157761406462386
plot next snapshot,	 time step=1600,	 t=1.60000007599592,	 dt=0.00100000004749745,	 v_max=3993.73826447114,	 dx_min=0.214841601763835
plot next snapshot,	 time step=1700,	 t=1.70000008074567,	 dt=0.00100000004749745,	 v_max=3993.73826316727,	 dx_min=0.110258463768166
plot next snapshot,	 time step=1800,	 t=1.80000008549541,	 dt=0.00100000004749745,	 v_max=3993.73826201003,	 dx_min=0.214847322474838
plot next snapshot,	 time step=1900,	 t=1.90000009024516,	 dt=0.00100000004749745,	 v_max=3993.738260976,	 dx_min=0.174183762336166
plot next snapshot,	 time step=2000,	 t=2.0000000949949,	 dt=0.00100000004749745,	 v_max=3993.73826004649,	 dx_min=0.118304912233013
plot next snapshot,	 time step=2100,	 t=2.10000009974465,	 dt=0.00100000004749745,	 v_max=3993.73825920642,	 dx_min=0.095207963385452
plot next snapshot,	 time step=2200,	 t=2.20000010449439,	 dt=0.00100000004749745,	 v_max=3993.73825844348,	 dx_min=0.193321847468904
plot next snapshot,	 time step=2300,	 t=2.30000010924414,	 dt=0.00100000004749745,	 v_max=3993.7382577475,	 dx_min=0.0523664828944885
plot next snapshot,	 time step=2400,	 t=2.40000011399388,	 dt=0.00100000004749745,	 v_max=3993.73825711005,	 dx_min=0.192902823290987
plot next snapshot,	 time step=2500,	 t=2.50000011874363,	 dt=0.00100000004749745,	 v_max=3993.73825652403,	 dx_min=0.23340288606777
plot next snapshot,	 time step=2600,	 t=2.60000012349337,	 dt=0.00100000004749745,	 v_max=3993.73825598347,	 dx_min=0.167562911405385
plot next snapshot,	 time step=2700,	 t=2.70000012824312,	 dt=0.00100000004749745,	 v_max=3993.73825548327,	 dx_min=0.123793782980399
plot next snapshot,	 time step=2800,	 t=2.80000013299286,	 dt=0.00100000004749745,	 v_max=3993.73825501908,	 dx_min=0.259781258655523
plot next snapshot,	 time step=2900,	 t=2.90000013774261,	 dt=0.00100000004749745,	 v_max=3993.73825458714,	 dx_min=0.198702207872874
plot next snapshot,	 time step=3000,	 t=3.00000014249235,	 dt=0.00100000004749745,	 v_max=3993.7382541842,	 dx_min=0.289903473671132
plot next snapshot,	 time step=3100,	 t=3.1000001472421,	 dt=0.00100000004749745,	 v_max=3993.73825380744,	 dx_min=0.209928875923355
plot next snapshot,	 time step=3200,	 t=3.20000015199184,	 dt=0.00100000004749745,	 v_max=3993.73825345438,	 dx_min=0.115517616565073
plot next snapshot,	 time step=3300,	 t=3.30000015674159,	 dt=0.00100000004749745,	 v_max=3993.73825312287,	 dx_min=0.118139423752411
plot next snapshot,	 time step=3400,	 t=3.40000016149133,	 dt=0.00100000004749745,	 v_max=3993.73825281097,	 dx_min=0.293578306812527
plot next snapshot,	 time step=3500,	 t=3.50000016624108,	 dt=0.00100000004749745,	 v_max=3993.73825251701,	 dx_min=0.206459539528726
plot next snapshot,	 time step=3600,	 t=3.60000017099082,	 dt=0.00100000004749745,	 v_max=3993.73825223948,	 dx_min=0.165132826350556
plot next snapshot,	 time step=3700,	 t=3.70000017574057,	 dt=0.00100000004749745,	 v_max=3993.73825197704,	 dx_min=0.112450637989341
plot next snapshot,	 time step=3800,	 t=3.80000018049031,	 dt=0.00100000004749745,	 v_max=3993.73825172849,	 dx_min=0.340241281216046
plot next snapshot,	 time step=3900,	 t=3.90000018524006,	 dt=0.00100000004749745,	 v_max=3993.73825149276,	 dx_min=0.28592640151182
plot next snapshot,	 time step=4000,	 t=4.00000018998981,	 dt=0.00100000004749745,	 v_max=3993.73825126887,	 dx_min=0.0893017648989456
plot next snapshot,	 time step=4100,	 t=4.10000019473955,	 dt=0.00100000004749745,	 v_max=3993.73825105597,	 dx_min=0.232391692073635
plot next snapshot,	 time step=4200,	 t=4.2000001994893,	 dt=0.00100000004749745,	 v_max=3993.73825085325,	 dx_min=0.211861568091567
plot next snapshot,	 time step=4300,	 t=4.30000020423904,	 dt=0.00100000004749745,	 v_max=3993.73825066002,	 dx_min=0.216210180599643
plot next snapshot,	 time step=4400,	 t=4.40000020898879,	 dt=0.00100000004749745,	 v_max=3993.7382504756,	 dx_min=0.218259432684896
plot next snapshot,	 time step=4500,	 t=4.50000021373853,	 dt=0.00100000004749745,	 v_max=3993.73825029943,	 dx_min=0.148947941797982
plot next snapshot,	 time step=4600,	 t=4.60000021848828,	 dt=0.00100000004749745,	 v_max=3993.73825013094,	 dx_min=0.199523716439397
plot next snapshot,	 time step=4700,	 t=4.70000022323802,	 dt=0.00100000004749745,	 v_max=3993.73824996967,	 dx_min=0.220352341686015
plot next snapshot,	 time step=4800,	 t=4.80000022798777,	 dt=0.00100000004749745,	 v_max=3993.73824981514,	 dx_min=0.11290834620682
plot next snapshot,	 time step=4900,	 t=4.90000023273751,	 dt=0.00100000004749745,	 v_max=3993.73824966695,	 dx_min=0.22512766709568
plot next snapshot,	 time step=5000,	 t=5.00000023748726,	 dt=0.00100000004749745,	 v_max=3993.73824952471,	 dx_min=0.34653388257394
plot next snapshot,	 time step=5100,	 t=5.100000242237,	 dt=0.00100000004749745,	 v_max=3993.73824938807,	 dx_min=0.129407176958207
plot next snapshot,	 time step=5200,	 t=5.20000024698675,	 dt=0.00100000004749745,	 v_max=3993.73824925671,	 dx_min=0.253244951772769
plot next snapshot,	 time step=5300,	 t=5.30000025173649,	 dt=0.00100000004749745,	 v_max=3993.73824913032,	 dx_min=0.314156002925975
plot next snapshot,	 time step=5400,	 t=5.40000025648624,	 dt=0.00100000004749745,	 v_max=3993.73824900864,	 dx_min=0.102213490805855
plot next snapshot,	 time step=5500,	 t=5.50000026123598,	 dt=0.00100000004749745,	 v_max=3993.7382488914,	 dx_min=0.246290635531057
plot next snapshot,	 time step=5600,	 t=5.60000026598573,	 dt=0.00100000004749745,	 v_max=3993.73824877836,	 dx_min=0.343769748634744
plot next snapshot,	 time step=5700,	 t=5.70000027073547,	 dt=0.00100000004749745,	 v_max=3993.7382486693,	 dx_min=0.265355262724635
plot next snapshot,	 time step=5800,	 t=5.80000027548522,	 dt=0.00100000004749745,	 v_max=3993.73824856402,	 dx_min=0.2296277190185
plot next snapshot,	 time step=5900,	 t=5.90000028023496,	 dt=0.00100000004749745,	 v_max=3993.73824846232,	 dx_min=0.252970538180042
plot next snapshot,	 time step=6000,	 t=6.00000028498471,	 dt=0.00100000004749745,	 v_max=3993.73824836402,	 dx_min=0.168080695478006
plot next snapshot,	 time step=6100,	 t=6.10000028973445,	 dt=0.00100000004749745,	 v_max=3993.73824826896,	 dx_min=0.156064756425346
plot next snapshot,	 time step=6200,	 t=6.2000002944842,	 dt=0.00100000004749745,	 v_max=3993.73824817697,	 dx_min=0.297786151799514
plot next snapshot,	 time step=6300,	 t=6.30000029923394,	 dt=0.00100000004749745,	 v_max=3993.73824808792,	 dx_min=0.299906629077002
plot next snapshot,	 time step=6400,	 t=6.40000030398369,	 dt=0.00100000004749745,	 v_max=3993.73824800165,	 dx_min=0.205020191757282
plot next snapshot,	 time step=6500,	 t=6.50000030873343,	 dt=0.00100000004749745,	 v_max=3993.73824791805,	 dx_min=0.285748437689119
plot next snapshot,	 time step=6600,	 t=6.60000031348318,	 dt=0.00100000004749745,	 v_max=3993.73824783699,	 dx_min=0.161337521842719
plot next snapshot,	 time step=6700,	 t=6.70000031823292,	 dt=0.00100000004749745,	 v_max=3993.73824775836,	 dx_min=0.231239770068063
plot next snapshot,	 time step=6800,	 t=6.80000032298267,	 dt=0.00100000004749745,	 v_max=3993.73824768205,	 dx_min=0.38938624797319
plot next snapshot,	 time step=6900,	 t=6.90000032773241,	 dt=0.00100000004749745,	 v_max=3993.73824760796,	 dx_min=0.370432249415497
plot next snapshot,	 time step=7000,	 t=7.00000033248216,	 dt=0.00100000004749745,	 v_max=3993.73824753599,	 dx_min=0.283149307893317
plot next snapshot,	 time step=7100,	 t=7.1000003372319,	 dt=0.00100000004749745,	 v_max=3993.73824746605,	 dx_min=0.259862597812469
plot next snapshot,	 time step=7200,	 t=7.20000034198165,	 dt=0.00100000004749745,	 v_max=3993.73824739806,	 dx_min=0.328242318209262
plot next snapshot,	 time step=7300,	 t=7.30000034673139,	 dt=0.00100000004749745,	 v_max=3993.73824733194,	 dx_min=0.303059141597583
plot next snapshot,	 time step=7400,	 t=7.40000035148114,	 dt=0.00100000004749745,	 v_max=3993.73824726761,	 dx_min=0.245212363727204
plot next snapshot,	 time step=7500,	 t=7.50000035623088,	 dt=0.00100000004749745,	 v_max=3993.73824720501,	 dx_min=0.264630825917679
plot next snapshot,	 time step=7600,	 t=7.60000036098063,	 dt=0.00100000004749745,	 v_max=3993.73824714405,	 dx_min=0.34240278907772
plot next snapshot,	 time step=7700,	 t=7.70000036573038,	 dt=0.00100000004749745,	 v_max=3993.73824708469,	 dx_min=0.395526411570358
plot next snapshot,	 time step=7800,	 t=7.80000037048012,	 dt=0.00100000004749745,	 v_max=3993.73824702685,	 dx_min=0.394727901596986
plot next snapshot,	 time step=7900,	 t=7.90000037522987,	 dt=0.00100000004749745,	 v_max=3993.73824697047,	 dx_min=0.401571580378145
plot next snapshot,	 time step=8000,	 t=8.00000037997961,	 dt=0.00100000004749745,	 v_max=3993.73824691551,	 dx_min=0.414926714362779
plot next snapshot,	 time step=8100,	 t=8.10000038472936,	 dt=0.00100000004749745,	 v_max=3993.73824686192,	 dx_min=0.379058988852689
plot next snapshot,	 time step=8200,	 t=8.2000003894791,	 dt=0.00100000004749745,	 v_max=3993.73824680963,	 dx_min=0.264880095382771
plot next snapshot,	 time step=8300,	 t=8.30000039422885,	 dt=0.00100000004749745,	 v_max=3993.7382467586,	 dx_min=0.248939715973
plot next snapshot,	 time step=8400,	 t=8.40000039897859,	 dt=0.00100000004749745,	 v_max=3993.7382467088,	 dx_min=0.295347049414522
plot next snapshot,	 time step=8500,	 t=8.50000040372834,	 dt=0.00100000004749745,	 v_max=3993.73824666017,	 dx_min=0.191740352818757
plot next snapshot,	 time step=8600,	 t=8.60000040847808,	 dt=0.00100000004749745,	 v_max=3993.73824661267,	 dx_min=0.133415678230859
plot next snapshot,	 time step=8700,	 t=8.70000041322783,	 dt=0.00100000004749745,	 v_max=3993.73824656626,	 dx_min=0.271485942437951
plot next snapshot,	 time step=8800,	 t=8.80000041797757,	 dt=0.00100000004749745,	 v_max=3993.73824652092,	 dx_min=0.409809117654091
plot next snapshot,	 time step=8900,	 t=8.90000042272732,	 dt=0.00100000004749745,	 v_max=3993.73824647659,	 dx_min=0.39475279656611
plot next snapshot,	 time step=9000,	 t=9.00000042747706,	 dt=0.00100000004749745,	 v_max=3993.73824643326,	 dx_min=0.356239284572095
plot next snapshot,	 time step=9100,	 t=9.10000043222681,	 dt=0.00100000004749745,	 v_max=3993.73824639087,	 dx_min=0.378479384561462
plot next snapshot,	 time step=9200,	 t=9.20000043697655,	 dt=0.00100000004749745,	 v_max=3993.73824634941,	 dx_min=0.297278451548261
plot next snapshot,	 time step=9300,	 t=9.3000004417263,	 dt=0.00100000004749745,	 v_max=3993.73824630885,	 dx_min=0.21774285345042
plot next snapshot,	 time step=9400,	 t=9.40000044647604,	 dt=0.00100000004749745,	 v_max=3993.73824626915,	 dx_min=0.282281856931608
plot next snapshot,	 time step=9500,	 t=9.50000045122579,	 dt=0.00100000004749745,	 v_max=3993.73824623029,	 dx_min=0.370757268893069
plot next snapshot,	 time step=9600,	 t=9.60000045597553,	 dt=0.00100000004749745,	 v_max=3993.73824619223,	 dx_min=0.433320175269147
plot next snapshot,	 time step=9700,	 t=9.70000046072528,	 dt=0.00100000004749745,	 v_max=3993.73824615497,	 dx_min=0.419129583169382
plot next snapshot,	 time step=9800,	 t=9.80000046547502,	 dt=0.00100000004749745,	 v_max=3993.73824611847,	 dx_min=0.410278848535263
plot next snapshot,	 time step=9900,	 t=9.90000047022477,	 dt=0.00100000004749745,	 v_max=3993.7382460827,	 dx_min=0.408349336014523
plot next snapshot,	 time step=10000,	 t=10.0000004749745,	 dt=0.00100000004749745,	 v_max=3993.73824604766,	 dx_min=0.381589599506526
Number of remaining objects: 1000
Position of first remaining object: 368.366063685958, 399.92124007292, 591.772248730108
