created setup with 1728 bodies
plot initial setup plus every 0.100000001490116 time units
plot next snapshot,	 time step=0,	 t=0,	 dt=0.00100000004749745,	 v_max=0,	 dx_min=0
plot next snapshot,	 time step=100,	 t=0.100000004749745,	 dt=0.00100000004749745,	 v_max=2046.92172136064,	 dx_min=0.0459829474766342
plot next snapshot,	 time step=200,	 t=0.20000000949949,	 dt=0.00100000004749745,	 v_max=2046.92016974353,	 dx_min=0.019055967686206
plot next snapshot,	 time step=300,	 t=0.300000014249235,	 dt=0.00100000004749745,	 v_max=2046.91972834114,	 dx_min=0.0730870983574338
plot next snapshot,	 time step=400,	 t=0.400000018998981,	 dt=0.00100000004749745,	 v_max=2046.91951955228,	 dx_min=0.0938945582922192
plot next snapshot,	 time step=500,	 t=0.500000023748726,	 dt=0.00100000004749745,	 v_max=2046.9193978467,	 dx_min=0.161815448469029
plot next snapshot,	 time step=600,	 t=0.600000028498471,	 dt=0.00100000004749745,	 v_max=2046.91931814367,	 dx_min=0.105806434549561
plot next snapshot,	 time step=700,	 t=0.700000033248216,	 dt=0.00100000004749745,	 v_max=2046.91926189944,	 dx_min=0.122729760145936
plot next snapshot,	 time step=800,	 t=0.800000037997961,	 dt=0.00100000004749745,	 v_max=2046.91922008578,	 dx_min=0.131943621586976
plot next snapshot,	 time step=900,	 t=0.900000042747706,	 dt=0.00100000004749745,	 v_max=2046.91918778046,	 dx_min=0.13817479483131
plot next snapshot,	 time step=1000,	 t=1.00000004749745,	 dt=0.00100000004749745,	 v_max=2046.91916207133,	 dx_min=0.18820132946894
plot next snapshot,	 time step=1100,	 t=1.1000000522472,	 dt=0.00100000004749745,	 v_max=2046.9191411253,	 dx_min=0.117438188888911
plot next snapshot,	 time step=1200,	 t=1.20000005699694,	 dt=0.00100000004749745,	 v_max=2046.91912373089,	 dx_min=0.121548543589148
plot next snapshot,	 time step=1300,	 t=1.30000006174669,	 dt=0.00100000004749745,	 v_max=2046.91910905539,	 dx_min=0.173236168951919
plot next snapshot,	 time step=1400,	 t=1.40000006649643,	 dt=0.00100000004749745,	 v_max=2046.91909650753,	 dx_min=0.227509592051854
plot next snapshot,	 time step=1500,	 t=1.50000007124618,	 dt=0.00100000004749745,	 v_max=2046.91908565588,	 dx_min=0.0991159307571965
plot next snapshot,	 time step=1600,	 t=1.60000007599592,	 dt=0.00100000004749745,	 v_max=2046.91907617827,	 dx_min=0.236974962746943
plot next snapshot,	 time step=1700,	 t=1.70000008074567,	 dt=0.00100000004749745,	 v_max=2046.91906782928,	 dx_min=0.11774816581968
plot next snapshot,	 time step=1800,	 t=1.80000008549541,	 dt=0.00100000004749745,	 v_max=2046.91906041864,	 dx_min=0.109974687184901
plot next snapshot,	 time step=1900,	 t=1.90000009024516,	 dt=0.00100000004749745,	 v_max=2046.91905379656,	 dx_min=0.168750502908377
plot next snapshot,	 time step=2000,	 t=2.0000000949949,	 dt=0.00100000004749745,	 v_max=2046.91904784354,	 dx_min=0.143488183012557
plot next snapshot,	 time step=2100,	 t=2.10000009974465,	 dt=0.00100000004749745,	 v_max=2046.91904246307,	 dx_min=0.212812608158005
plot next snapshot,	 time step=2200,	 t=2.20000010449439,	 dt=0.00100000004749745,	 v_max=2046.91903757632,	 dx_min=0.297479116791829
plot next snapshot,	 time step=2300,	 t=2.30000010924414,	 dt=0.00100000004749745,	 v_max=2046.91903311833,	 dx_min=0.198257692076647
plot next snapshot,	 time step=2400,	 t=2.40000011399388,	 dt=0.00100000004749745,	 v_max=2046.91902903503,	 dx_min=0.191975447413424
plot next snapshot,	 time step=2500,	 t=2.50000011874363,	 dt=0.00100000004749745,	 v_max=2046.9190252811,	 dx_min=0.1702935270824
plot next snapshot,	 time step=2600,	 t=2.60000012349337,	 dt=0.00100000004749745,	 v_max=2046.91902181823,	 dx_min=0.181245437252289
plot next snapshot,	 time step=2700,	 t=2.70000012824312,	 dt=0.00100000004749745,	 v_max=2046.91901861382,	 dx_min=0.187777491145569
plot next snapshot,	 time step=2800,	 t=2.80000013299286,	 dt=0.00100000004749745,	 v_max=2046.91901563999,	 dx_min=0.198304140583249
plot next snapshot,	 time step=2900,	 t=2.90000013774261,	 dt=0.00100000004749745,	 v_max=2046.91901287271,	 dx_min=0.172412532009533
plot next snapshot,	 time step=3000,	 t=3.00000014249235,	 dt=0.00100000004749745,	 v_max=2046.91901029118,	 dx_min=0.22802027364615
plot next snapshot,	 time step=3100,	 t=3.1000001472421,	 dt=0.00100000004749745,	 v_max=2046.91900787731,	 dx_min=0.165675832927581
plot next snapshot,	 time step=3200,	 t=3.20000015199184,	 dt=0.00100000004749745,	 v_max=2046.91900561528,	 dx_min=0.20062211457282
plot next snapshot,	 time step=3300,	 t=3.30000015674159,	 dt=0.00100000004749745,	 v_max=2046.9190034912,	 dx_min=0.167954342271785
plot next snapshot,	 time step=3400,	 t=3.40000016149133,	 dt=0.00100000004749745,	 v_max=2046.91900149282,	 dx_min=0.214408280742316
plot next snapshot,	 time step=3500,	 t=3.50000016624108,	 dt=0.00100000004749745,	 v_max=2046.91899960931,	 dx_min=0.198975229123623
plot next snapshot,	 time step=3600,	 t=3.60000017099082,	 dt=0.00100000004749745,	 v_max=2046.91899783104,	 dx_min=0.189869116231057
plot next snapshot,	 time step=3700,	 t=3.70000017574057,	 dt=0.00100000004749745,	 v_max=2046.91899614942,	 dx_min=0.228087495006238
plot next snapshot,	 time step=3800,	 t=3.80000018049031,	 dt=0.00100000004749745,	 v_max=2046.91899455679,	 dx_min=0.188345023661963
plot next snapshot,	 time step=3900,	 t=3.90000018524006,	 dt=0.00100000004749745,	 v_max=2046.91899304627,	 dx_min=0.145110417135728
plot next snapshot,	 time step=4000,	 t=4.00000018998981,	 dt=0.00100000004749745,	 v_max=2046.91899161166,	 dx_min=0.253900686341221
plot next snapshot,	 time step=4100,	 t=4.10000019473955,	 dt=0.00100000004749745,	 v_max=2046.91899024738,	 dx_min=0.269017477619794
plot next snapshot,	 time step=4200,	 t=4.2000001994893,	 dt=0.00100000004749745,	 v_max=2046.91898894839,	 dx_min=0.133653223757185
plot next snapshot,	 time step=4300,	 t=4.30000020423904,	 dt=0.00100000004749745,	 v_max=2046.9189877101,	 dx_min=0.212547390359399
plot next snapshot,	 time step=4400,	 t=4.40000020898879,	 dt=0.00100000004749745,	 v_max=2046.91898652836,	 dx_min=0.180604765968737
plot next snapshot,	 time step=4500,	 t=4.50000021373853,	 dt=0.00100000004749745,	 v_max=2046.91898539939,	 dx_min=0.220998574809748
plot next snapshot,	 time step=4600,	 t=4.60000021848828,	 dt=0.00100000004749745,	 v_max=2046.91898431971,	 dx_min=0.197404824103033
plot next snapshot,	 time step=4700,	 t=4.70000022323802,	 dt=0.00100000004749745,	 v_max=2046.91898328619,	 dx_min=0.198769397644709
plot next snapshot,	 time step=4800,	 t=4.80000022798777,	 dt=0.00100000004749745,	 v_max=2046.91898229591,	 dx_min=0.233883051168229
plot next snapshot,	 time step=4900,	 t=4.90000023273751,	 dt=0.00100000004749745,	 v_max=2046.91898134622,	 dx_min=0.252119475532417
plot next snapshot,	 time step=5000,	 t=5.00000023748726,	 dt=0.00100000004749745,	 v_max=2046.91898043468,	 dx_min=0.279721471209424
plot next snapshot,	 time step=5100,	 t=5.100000242237,	 dt=0.00100000004749745,	 v_max=2046.91897955902,	 dx_min=0.348795497979094
plot next snapshot,	 time step=5200,	 t=5.20000024698675,	 dt=0.00100000004749745,	 v_max=2046.91897871718,	 dx_min=0.216050428513629
plot next snapshot,	 time step=5300,	 t=5.30000025173649,	 dt=0.00100000004749745,	 v_max=2046.91897790723,	 dx_min=0.211406276514279
plot next snapshot,	 time step=5400,	 t=5.40000025648624,	 dt=0.00100000004749745,	 v_max=2046.91897712739,	 dx_min=0.314025478556242
plot next snapshot,	 time step=5500,	 t=5.50000026123598,	 dt=0.00100000004749745,	 v_max=2046.91897637602,	 dx_min=0.297237289419543
plot next snapshot,	 time step=5600,	 t=5.60000026598573,	 dt=0.00100000004749745,	 v_max=2046.91897565158,	 dx_min=0.203831980077363
plot next snapshot,	 time step=5700,	 t=5.70000027073547,	 dt=0.00100000004749745,	 v_max=2046.91897495265,	 dx_min=0.23828793973634
plot next snapshot,	 time step=5800,	 t=5.80000027548522,	 dt=0.00100000004749745,	 v_max=2046.9189742779,	 dx_min=0.244311108393747
plot next snapshot,	 time step=5900,	 t=5.90000028023496,	 dt=0.00100000004749745,	 v_max=2046.91897362611,	 dx_min=0.235028498142987
plot next snapshot,	 time step=6000,	 t=6.00000028498471,	 dt=0.00100000004749745,	 v_max=2046.91897299612,	 dx_min=0.216671435807922
plot next snapshot,	 time step=6100,	 t=6.10000028973445,	 dt=0.00100000004749745,	 v_max=2046.91897238686,	 dx_min=0.254290389168853
plot next snapshot,	 time step=6200,	 t=6.2000002944842,	 dt=0.00100000004749745,	 v_max=2046.91897179731,	 dx_min=0.194527094794861
plot next snapshot,	 time step=6300,	 t=6.30000029923394,	 dt=0.00100000004749745,	 v_max=2046.91897122654,	 dx_min=0.213738960178778
plot next snapshot,	 time step=6400,	 t=6.40000030398369,	 dt=0.00100000004749745,	 v_max=2046.91897067366,	 dx_min=0.106661551558077
plot next snapshot,	 time step=6500,	 t=6.50000030873343,	 dt=0.00100000004749745,	 v_max=2046.91897013785,	 dx_min=0.104984686306133
plot next snapshot,	 time step=6600,	 t=6.60000031348318,	 dt=0.00100000004749745,	 v_max=2046.91896961833,	 dx_min=0.169773642184713
plot next snapshot,	 time step=6700,	 t=6.70000031823292,	 dt=0.00100000004749745,	 v_max=2046.91896911436,	 dx_min=0.185111532492715
plot next snapshot,	 time step=6800,	 t=6.80000032298267,	 dt=0.00100000004749745,	 v_max=2046.91896862526,	 dx_min=0.298799215925035
plot next snapshot,	 time step=6900,	 t=6.90000032773241,	 dt=0.00100000004749745,	 v_max=2046.91896815038,	 dx_min=0.175892191300537
plot next snapshot,	 time step=7000,	 t=7.00000033248216,	 dt=0.00100000004749745,	 v_max=2046.91896768911,	 dx_min=0.21695608415065
plot next snapshot,	 time step=7100,	 t=7.1000003372319,	 dt=0.00100000004749745,	 v_max=2046.91896724087,	 dx_min=0.248883844401448
plot next snapshot,	 time step=7200,	 t=7.20000034198165,	 dt=0.00100000004749745,	 v_max=2046.91896680511,	 dx_min=0.262297401494147
plot next snapshot,	 time step=7300,	 t=7.30000034673139,	 dt=0.00100000004749745,	 v_max=2046.91896638133,	 dx_min=0.278614190095681
plot next snapshot,	 time step=7400,	 t=7.40000035148114,	 dt=0.00100000004749745,	 v_max=2046.91896596903,	 dx_min=0.233606640287704
plot next snapshot,	 time step=7500,	 t=7.50000035623088,	 dt=0.00100000004749745,	 v_max=2046.91896556776,	 dx_min=0.195475221184602
plot next snapshot,	 time step=7600,	 t=7.60000036098063,	 dt=0.00100000004749745,	 v_max=2046.91896517707,	 dx_min=0.15581631054599
plot next snapshot,	 time step=7700,	 t=7.70000036573038,	 dt=0.00100000004749745,	 v_max=2046.91896479656,	 dx_min=0.120963330088382
plot next snapshot,	 time step=7800,	 t=7.80000037048012,	 dt=0.00100000004749745,	 v_max=2046.91896442583,	 dx_min=0.327444638993566
plot next snapshot,	 time step=7900,	 t=7.90000037522987,	 dt=0.00100000004749745,	 v_max=2046.91896406452,	 dx_min=0.225686754340521
plot next snapshot,	 time step=8000,	 t=8.00000037997961,	 dt=0.00100000004749745,	 v_max=2046.91896371225,	 dx_min=0.221516191797038
plot next snapshot,	 time step=8100,	 t=8.10000038472936,	 dt=0.00100000004749745,	 v_max=2046.91896336871,	 dx_min=0.32248436592593
plot next snapshot,	 time step=8200,	 t=8.2000003894791,	 dt=0.00100000004749745,	 v_max=2046.91896303357,	 dx_min=0.283523147036672
plot next snapshot,	 time step=8300,	 t=8.30000039422885,	 dt=0.00100000004749745,	 v_max=2046.91896270653,	 dx_min=0.254162243393654
plot next snapshot,	 time step=8400,	 t=8.40000039897859,	 dt=0.00100000004749745,	 v_max=2046.91896238729,	 dx_min=0.252616201369109
plot next snapshot,	 time step=8500,	 t=8.50000040372834,	 dt=0.00100000004749745,	 v_max=2046.91896207558,	 dx_min=0.184156868301893
plot next snapshot,	 time step=8600,	 t=8.60000040847808,	 dt=0.00100000004749745,	 v_max=2046.91896177113,	 dx_min=0.258453098629911
plot next snapshot,	 time step=8700,	 t=8.70000041322783,	 dt=0.00100000004749745,	 v_max=2046.9189614737,	 dx_min=0.261289029818889
plot next snapshot,	 time step=8800,	 t=8.80000041797757,	 dt=0.00100000004749745,	 v_max=2046.91896118305,	 dx_min=0.293646963774699
plot next snapshot,	 time step=8900,	 t=8.90000042272732,	 dt=0.00100000004749745,	 v_max=2046.91896089894,	 dx_min=0.257170012226965
plot next snapshot,	 time step=9000,	 t=9.00000042747706,	 dt=0.00100000004749745,	 v_max=2046.91896062116,	 dx_min=0.189148324993697
plot next snapshot,	 time step=9100,	 t=9.10000043222681,	 dt=0.00100000004749745,	 v_max=2046.9189603495,	 dx_min=0.23885640695088
plot next snapshot,	 time step=9200,	 t=9.20000043697655,	 dt=0.00100000004749745,	 v_max=2046.91896008376,	 dx_min=0.224595793785966
plot next snapshot,	 time step=9300,	 t=9.3000004417263,	 dt=0.00100000004749745,	 v_max=2046.91895982375,	 dx_min=0.219665946869484
plot next snapshot,	 time step=9400,	 t=9.40000044647604,	 dt=0.00100000004749745,	 v_max=2046.91895956928,	 dx_min=0.19817962281222
plot next snapshot,	 time step=9500,	 t=9.50000045122579,	 dt=0.00100000004749745,	 v_max=2046.91895932018,	 dx_min=0.31543168801775
plot next snapshot,	 time step=9600,	 t=9.60000045597553,	 dt=0.00100000004749745,	 v_max=2046.91895907628,	 dx_min=0.396431893491854
plot next snapshot,	 time step=9700,	 t=9.70000046072528,	 dt=0.00100000004749745,	 v_max=2046.91895883742,	 dx_min=0.269509101772641
plot next snapshot,	 time step=9800,	 t=9.80000046547502,	 dt=0.00100000004749745,	 v_max=2046.91895860344,	 dx_min=0.211764493126338
plot next snapshot,	 time step=9900,	 t=9.90000047022477,	 dt=0.00100000004749745,	 v_max=2046.9189583742,	 dx_min=0.30312123904206
plot next snapshot,	 time step=10000,	 t=10.0000004749745,	 dt=0.00100000004749745,	 v_max=2046.91895814956,	 dx_min=0.341403202183281
Number of remaining objects: 1728
Position of first remaining object: 558.530025640044, 355.201547480079, 701.434814445981
