created setup with 2744 bodies
plot initial setup plus every 0.100000001490116 time units
plot next snapshot,	 time step=0,	 t=0,	 dt=0.00100000004749745,	 v_max=0,	 dx_min=0
plot next snapshot,	 time step=100,	 t=0.100000004749745,	 dt=0.00100000004749745,	 v_max=7970.86104543147,	 dx_min=0.0440761137789313
plot next snapshot,	 time step=200,	 t=0.20000000949949,	 dt=0.00100000004749745,	 v_max=7970.86089136613,	 dx_min=0.121016562977577
plot next snapshot,	 time step=300,	 t=0.300000014249235,	 dt=0.00100000004749745,	 v_max=7970.86084599046,	 dx_min=0.0802011098401774
plot next snapshot,	 time step=400,	 t=0.400000018998981,	 dt=0.00100000004749745,	 v_max=7970.86082427907,	 dx_min=0.108735225915686
plot next snapshot,	 time step=500,	 t=0.500000023748726,	 dt=0.00100000004749745,	 v_max=7970.8608115487,	 dx_min=0.0960172187559747
plot next snapshot,	 time step=600,	 t=0.600000028498471,	 dt=0.00100000004749745,	 v_max=7970.86080318182,	 dx_min=0.151980597386192
plot next snapshot,	 time step=700,	 t=0.700000033248216,	 dt=0.00100000004749745,	 v_max=7970.86079726321,	 dx_min=0.115399259432819
plot next snapshot,	 time step=800,	 t=0.800000037997961,	 dt=0.00100000004749745,	 v_max=7970.86079285542,	 dx_min=0.129328434386135
plot next snapshot,	 time step=900,	 t=0.900000042747706,	 dt=0.00100000004749745,	 v_max=7970.86078944544,	 dx_min=0.18385959975425
plot next snapshot,	 time step=1000,	 t=1.00000004749745,	 dt=0.00100000004749745,	 v_max=7970.8607867289,	 dx_min=0.119589709604731
plot next snapshot,	 time step=1100,	 t=1.1000000522472,	 dt=0.00100000004749745,	 v_max=7970.8607845138,	 dx_min=0.180874323092502
plot next snapshot,	 time step=1200,	 t=1.20000005699694,	 dt=0.00100000004749745,	 v_max=7970.86078267303,	 dx_min=0.130233112916727
plot next snapshot,	 time step=1300,	 t=1.30000006174669,	 dt=0.00100000004749745,	 v_max=7970.8607811191,	 dx_min=0.176249736619144
plot next snapshot,	 time step=1400,	 t=1.40000006649643,	 dt=0.00100000004749745,	 v_max=7970.86077978981,	 dx_min=0.105050296157251
plot next snapshot,	 time step=1500,	 t=1.50000007124618,	 dt=0.00100000004749745,	 v_max=7970.86077863974,	 dx_min=0.0727860051676747
plot next snapshot,	 time step=1600,	 t=1.60000007599592,	 dt=0.00100000004749745,	 v_max=7970.86077763491,	 dx_min=0.215436929863604
plot next snapshot,	 time step=1700,	 t=1.70000008074567,	 dt=0.00100000004749745,	 v_max=7970.86077674946,	 dx_min=0.190551963640958
plot next snapshot,	 time step=1800,	 t=1.80000008549541,	 dt=0.00100000004749745,	 v_max=7970.86077596331,	 dx_min=0.24501382293126
plot next snapshot,	 time step=1900,	 t=1.90000009024516,	 dt=0.00100000004749745,	 v_max=7970.86077526063,	 dx_min=0.215579160394871
plot next snapshot,	 time step=2000,	 t=2.0000000949949,	 dt=0.00100000004749745,	 v_max=7970.86077462881,	 dx_min=0.160810346033429
plot next snapshot,	 time step=2100,	 t=2.10000009974465,	 dt=0.00100000004749745,	 v_max=7970.86077405764,	 dx_min=0.177051218443344
plot next snapshot,	 time step=2200,	 t=2.20000010449439,	 dt=0.00100000004749745,	 v_max=7970.86077353878,	 dx_min=0.0822241861160116
plot next snapshot,	 time step=2300,	 t=2.30000010924414,	 dt=0.00100000004749745,	 v_max=7970.86077306537,	 dx_min=0.15642306330535
plot next snapshot,	 time step=2400,	 t=2.40000011399388,	 dt=0.00100000004749745,	 v_max=7970.86077263168,	 dx_min=0.249959295025555
plot next snapshot,	 time step=2500,	 t=2.50000011874363,	 dt=0.00100000004749745,	 v_max=7970.86077223291,	 dx_min=0.249050062656394
plot next snapshot,	 time step=2600,	 t=2.60000012349337,	 dt=0.00100000004749745,	 v_max=7970.86077186502,	 dx_min=0.294203389675032
plot next snapshot,	 time step=2700,	 t=2.70000012824312,	 dt=0.00100000004749745,	 v_max=7970.86077152454,	 dx_min=0.270457640553442
plot next snapshot,	 time step=2800,	 t=2.80000013299286,	 dt=0.00100000004749745,	 v_max=7970.86077120853,	 dx_min=0.251264807495497
plot next snapshot,	 time step=2900,	 t=2.90000013774261,	 dt=0.00100000004749745,	 v_max=7970.86077091444,	 dx_min=0.224872144015936
plot next snapshot,	 time step=3000,	 t=3.00000014249235,	 dt=0.00100000004749745,	 v_max=7970.86077064006,	 dx_min=0.179521509290549
plot next snapshot,	 time step=3100,	 t=3.1000001472421,	 dt=0.00100000004749745,	 v_max=7970.86077038348,	 dx_min=0.179660777126296
plot next snapshot,	 time step=3200,	 t=3.20000015199184,	 dt=0.00100000004749745,	 v_max=7970.86077014301,	 dx_min=0.242973282884848
plot next snapshot,	 time step=3300,	 t=3.30000015674159,	 dt=0.00100000004749745,	 v_max=7970.8607699172,	 dx_min=0.309909637263442
plot next snapshot,	 time step=3400,	 t=3.40000016149133,	 dt=0.00100000004749745,	 v_max=7970.86076970473,	 dx_min=0.348084211635913
plot next snapshot,	 time step=3500,	 t=3.50000016624108,	 dt=0.00100000004749745,	 v_max=7970.86076950446,	 dx_min=0.296251423529722
plot next snapshot,	 time step=3600,	 t=3.60000017099082,	 dt=0.00100000004749745,	 v_max=7970.86076931537,	 dx_min=0.258118233200831
plot next snapshot,	 time step=3700,	 t=3.70000017574057,	 dt=0.00100000004749745,	 v_max=7970.86076913655,	 dx_min=0.0316054566880119
plot next snapshot,	 time step=3800,	 t=3.80000018049031,	 dt=0.00100000004749745,	 v_max=7970.86076896718,	 dx_min=0.278244041602921
plot next snapshot,	 time step=3900,	 t=3.90000018524006,	 dt=0.00100000004749745,	 v_max=7970.86076880653,	 dx_min=0.26588784682427
plot next snapshot,	 time step=4000,	 t=4.00000018998981,	 dt=0.00100000004749745,	 v_max=7970.86076865395,	 dx_min=0.273227509946806
plot next snapshot,	 time step=4100,	 t=4.10000019473955,	 dt=0.00100000004749745,	 v_max=7970.86076850884,	 dx_min=0.166075760542593
plot next snapshot,	 time step=4200,	 t=4.2000001994893,	 dt=0.00100000004749745,	 v_max=7970.86076837067,	 dx_min=0.196982503271496
plot next snapshot,	 time step=4300,	 t=4.30000020423904,	 dt=0.00100000004749745,	 v_max=7970.86076823895,	 dx_min=0.185492890597339
plot next snapshot,	 time step=4400,	 t=4.40000020898879,	 dt=0.00100000004749745,	 v_max=7970.86076811324,	 dx_min=0.223453994673986
plot next snapshot,	 time step=4500,	 t=4.50000021373853,	 dt=0.00100000004749745,	 v_max=7970.86076799314,	 dx_min=0.212793884767963
plot next snapshot,	 time step=4600,	 t=4.60000021848828,	 dt=0.00100000004749745,	 v_max=7970.86076787827,	 dx_min=0.234021784246031
plot next snapshot,	 time step=4700,	 t=4.70000022323802,	 dt=0.00100000004749745,	 v_max=7970.86076776831,	 dx_min=0.137555911795116
plot next snapshot,	 time step=4800,	 t=4.80000022798777,	 dt=0.00100000004749745,	 v_max=7970.86076766295,	 dx_min=0.319448435873478
plot next snapshot,	 time step=4900,	 t=4.90000023273751,	 dt=0.00100000004749745,	 v_max=7970.86076756191,	 dx_min=0.279429528399077
plot next snapshot,	 time step=5000,	 t=5.00000023748726,	 dt=0.00100000004749745,	 v_max=7970.86076746492,	 dx_min=0.280473786020901
plot next snapshot,	 time step=5100,	 t=5.100000242237,	 dt=0.00100000004749745,	 v_max=7970.86076737174,	 dx_min=0.282742082670556
plot next snapshot,	 time step=5200,	 t=5.20000024698675,	 dt=0.00100000004749745,	 v_max=7970.86076728216,	 dx_min=0.292373728822275
plot next snapshot,	 time step=5300,	 t=5.30000025173649,	 dt=0.00100000004749745,	 v_max=7970.86076719598,	 dx_min=0.316670220088848
plot next snapshot,	 time step=5400,	 t=5.40000025648624,	 dt=0.00100000004749745,	 v_max=7970.86076711299,	 dx_min=0.268035362197109
plot next snapshot,	 time step=5500,	 t=5.50000026123598,	 dt=0.00100000004749745,	 v_max=7970.86076703303,	 dx_min=0.222941603709689
plot next snapshot,	 time step=5600,	 t=5.60000026598573,	 dt=0.00100000004749745,	 v_max=7970.86076695594,	 dx_min=0.221095062754416
plot next snapshot,	 time step=5700,	 t=5.70000027073547,	 dt=0.00100000004749745,	 v_max=7970.86076688155,	 dx_min=0.191133056660285
plot next snapshot,	 time step=5800,	 t=5.80000027548522,	 dt=0.00100000004749745,	 v_max=7970.86076680974,	 dx_min=0.129050078747666
plot next snapshot,	 time step=5900,	 t=5.90000028023496,	 dt=0.00100000004749745,	 v_max=7970.86076674038,	 dx_min=0.252955402211314
plot next snapshot,	 time step=6000,	 t=6.00000028498471,	 dt=0.00100000004749745,	 v_max=7970.86076667333,	 dx_min=0.149918514993386
plot next snapshot,	 time step=6100,	 t=6.10000028973445,	 dt=0.00100000004749745,	 v_max=7970.86076660848,	 dx_min=0.274122108982048
plot next snapshot,	 time step=6200,	 t=6.2000002944842,	 dt=0.00100000004749745,	 v_max=7970.86076654573,	 dx_min=0.255620316676332
plot next snapshot,	 time step=6300,	 t=6.30000029923394,	 dt=0.00100000004749745,	 v_max=7970.86076648498,	 dx_min=0.106398577473622
plot next snapshot,	 time step=6400,	 t=6.40000030398369,	 dt=0.00100000004749745,	 v_max=7970.86076642613,	 dx_min=0.174624889676733
plot next snapshot,	 time step=6500,	 t=6.50000030873343,	 dt=0.00100000004749745,	 v_max=7970.8607663691,	 dx_min=0.294373881877959
plot next snapshot,	 time step=6600,	 t=6.60000031348318,	 dt=0.00100000004749745,	 v_max=7970.8607663138,	 dx_min=0.327835631465281
plot next snapshot,	 time step=6700,	 t=6.70000031823292,	 dt=0.00100000004749745,	 v_max=7970.86076626015,	 dx_min=0.357035432129072
plot next snapshot,	 time step=6800,	 t=6.80000032298267,	 dt=0.00100000004749745,	 v_max=7970.86076620809,	 dx_min=0.386154536237782
plot next snapshot,	 time step=6900,	 t=6.90000032773241,	 dt=0.00100000004749745,	 v_max=7970.86076615754,	 dx_min=0.334575520814536
plot next snapshot,	 time step=7000,	 t=7.00000033248216,	 dt=0.00100000004749745,	 v_max=7970.86076610844,	 dx_min=0.263125105897431
plot next snapshot,	 time step=7100,	 t=7.1000003372319,	 dt=0.00100000004749745,	 v_max=7970.86076606072,	 dx_min=0.235324037812372
plot next snapshot,	 time step=7200,	 t=7.20000034198165,	 dt=0.00100000004749745,	 v_max=7970.86076601433,	 dx_min=0.265945384305569
plot next snapshot,	 time step=7300,	 t=7.30000034673139,	 dt=0.00100000004749745,	 v_max=7970.86076596922,	 dx_min=0.20939837076697
plot next snapshot,	 time step=7400,	 t=7.40000035148114,	 dt=0.00100000004749745,	 v_max=7970.86076592532,	 dx_min=0.212184947058089
plot next snapshot,	 time step=7500,	 t=7.50000035623088,	 dt=0.00100000004749745,	 v_max=7970.8607658826,	 dx_min=0.220696840397494
plot next snapshot,	 time step=7600,	 t=7.60000036098063,	 dt=0.00100000004749745,	 v_max=7970.86076584101,	 dx_min=0.243882174616941
plot next snapshot,	 time step=7700,	 t=7.70000036573038,	 dt=0.00100000004749745,	 v_max=7970.8607658005,	 dx_min=0.33379331384985
plot next snapshot,	 time step=7800,	 t=7.80000037048012,	 dt=0.00100000004749745,	 v_max=7970.86076576103,	 dx_min=0.317403270358151
plot next snapshot,	 time step=7900,	 t=7.90000037522987,	 dt=0.00100000004749745,	 v_max=7970.86076572256,	 dx_min=0.204869027374871
plot next snapshot,	 time step=8000,	 t=8.00000037997961,	 dt=0.00100000004749745,	 v_max=7970.86076568506,	 dx_min=0.238329431852134
plot next snapshot,	 time step=8100,	 t=8.10000038472936,	 dt=0.00100000004749745,	 v_max=7970.86076564848,	 dx_min=0.302255973193572
plot next snapshot,	 time step=8200,	 t=8.2000003894791,	 dt=0.00100000004749745,	 v_max=7970.8607656128,	 dx_min=0.315416246336431
plot next snapshot,	 time step=8300,	 t=8.30000039422885,	 dt=0.00100000004749745,	 v_max=7970.86076557798,	 dx_min=0.268905316018075
plot next snapshot,	 time step=8400,	 t=8.40000039897859,	 dt=0.00100000004749745,	 v_max=7970.86076554399,	 dx_min=0.224511445428047
plot next snapshot,	 time step=8500,	 t=8.50000040372834,	 dt=0.00100000004749745,	 v_max=7970.8607655108,	 dx_min=0.339588382156191
plot next snapshot,	 time step=8600,	 t=8.60000040847808,	 dt=0.00100000004749745,	 v_max=7970.86076547839,	 dx_min=0.415573402962179
plot next snapshot,	 time step=8700,	 t=8.70000041322783,	 dt=0.00100000004749745,	 v_max=7970.86076544672,	 dx_min=0.346785032859461
plot next snapshot,	 time step=8800,	 t=8.80000041797757,	 dt=0.00100000004749745,	 v_max=7970.86076541577,	 dx_min=0.275068443714378
plot next snapshot,	 time step=8900,	 t=8.90000042272732,	 dt=0.00100000004749745,	 v_max=7970.86076538552,	 dx_min=0.246519321545877
plot next snapshot,	 time step=9000,	 t=9.00000042747706,	 dt=0.00100000004749745,	 v_max=7970.86076535595,	 dx_min=0.289619110602579
plot next snapshot,	 time step=9100,	 t=9.10000043222681,	 dt=0.00100000004749745,	 v_max=7970.86076532702,	 dx_min=0.27685997786678
plot next snapshot,	 time step=9200,	 t=9.20000043697655,	 dt=0.00100000004749745,	 v_max=7970.86076529872,	 dx_min=0.219971335155861
plot next snapshot,	 time step=9300,	 t=9.3000004417263,	 dt=0.00100000004749745,	 v_max=7970.86076527104,	 dx_min=0.21998086475713
plot next snapshot,	 time step=9400,	 t=9.40000044647604,	 dt=0.00100000004749745,	 v_max=7970.86076524394,	 dx_min=0.278346327904148
plot next snapshot,	 time step=9500,	 t=9.50000045122579,	 dt=0.00100000004749745,	 v_max=7970.86076521742,	 dx_min=0.131402767003329
plot next snapshot,	 time step=9600,	 t=9.60000045597553,	 dt=0.00100000004749745,	 v_max=7970.86076519144,	 dx_min=0.333082762250326
plot next snapshot,	 time step=9700,	 t=9.70000046072528,	 dt=0.00100000004749745,	 v_max=7970.86076516601,	 dx_min=0.379843008910813
plot next snapshot,	 time step=9800,	 t=9.80000046547502,	 dt=0.00100000004749745,	 v_max=7970.86076514109,	 dx_min=0.388168829060452
plot next snapshot,	 time step=9900,	 t=9.90000047022477,	 dt=0.00100000004749745,	 v_max=7970.86076511668,	 dx_min=0.332664580463935
plot next snapshot,	 time step=10000,	 t=10.0000004749745,	 dt=0.00100000004749745,	 v_max=7970.86076509276,	 dx_min=0.313917075411195
Number of remaining objects: 2744
Position of first remaining object: 456.931684066944, 438.72386109897, 439.786484572747
