--2025-04-23 14:16:58--  https://github.com/numactl/numactl/releases/download/v2.0.16/numactl-2.0.16.tar.gz
Resolving github.com (github.com)... 20.26.156.215
Connecting to github.com (github.com)|20.26.156.215|:443... connected.
HTTP request sent, awaiting response... 302 Found
Location: https://objects.githubusercontent.com/github-production-release-asset-2e65be/22658715/e39acdb0-4bfd-4682-b1c1-8950aeb21557?X-Amz-Algorithm=AWS4-HMAC-SHA256&X-Amz-Credential=releaseassetproduction%2F20250423%2Fus-east-1%2Fs3%2Faws4_request&X-Amz-Date=20250423T131659Z&X-Amz-Expires=300&X-Amz-Signature=a1214cfbf8c494d7eabced17397291db5932a48bdce7bc01e9a9524fcb7a3915&X-Amz-SignedHeaders=host&response-content-disposition=attachment%3B%20filename%3Dnumactl-2.0.16.tar.gz&response-content-type=application%2Foctet-stream [following]
--2025-04-23 14:16:59--  https://objects.githubusercontent.com/github-production-release-asset-2e65be/22658715/e39acdb0-4bfd-4682-b1c1-8950aeb21557?X-Amz-Algorithm=AWS4-HMAC-SHA256&X-Amz-Credential=releaseassetproduction%2F20250423%2Fus-east-1%2Fs3%2Faws4_request&X-Amz-Date=20250423T131659Z&X-Amz-Expires=300&X-Amz-Signature=a1214cfbf8c494d7eabced17397291db5932a48bdce7bc01e9a9524fcb7a3915&X-Amz-SignedHeaders=host&response-content-disposition=attachment%3B%20filename%3Dnumactl-2.0.16.tar.gz&response-content-type=application%2Foctet-stream
Resolving objects.githubusercontent.com (objects.githubusercontent.com)... 185.199.109.133, 185.199.110.133, 185.199.108.133, ...
Connecting to objects.githubusercontent.com (objects.githubusercontent.com)|185.199.109.133|:443... connected.
HTTP request sent, awaiting response... 200 OK
Length: 450003 (439K) [application/octet-stream]
Saving to: ‘numactl-2.0.16.tar.gz’

     0K .......... .......... .......... .......... .......... 11% 3.85M 0s
    50K .......... .......... .......... .......... .......... 22% 13.1M 0s
   100K .......... .......... .......... .......... .......... 34% 10.2M 0s
   150K .......... .......... .......... .......... .......... 45% 40.1M 0s
   200K .......... .......... .......... .......... .......... 56% 27.8M 0s
   250K .......... .......... .......... .......... .......... 68% 12.8M 0s
   300K .......... .......... .......... .......... .......... 79% 40.4M 0s
   350K .......... .......... .......... .......... .......... 91% 50.5M 0s
   400K .......... .......... .......... .........            100%  178M=0.03s

2025-04-23 14:16:59 (14.1 MB/s) - ‘numactl-2.0.16.tar.gz’ saved [450003/450003]

/home2/nkfn77/local/numactl/bin/numactl: unrecognized option '--version'
usage: numactl [--all | -a] [--balancing | -b] [--interleave= | -i <nodes>]
		[--preferred= | -p <node>] [--preferred-many= | -P <nodes>]
               [--physcpubind= | -C <cpus>] [--cpunodebind= | -N <nodes>]
               [--membind= | -m <nodes>] [--localalloc | -l] command args ...
               [--localalloc | -l] command args ...
       numactl [--show | -s]
       numactl [--hardware | -H]
       numactl [--length | -L <length>] [--offset | -o <offset>] [--shmmode | -M <shmmode>]
               [--strict | -t]
               [--shmid | -I <id>] --shm | -S <shmkeyfile>
               [--shmid | -I <id>] --file | -f <tmpfsfile>
               [--huge | -u] [--touch | -T] 
               memory policy [--dump | -d] [--dump-nodes | -D]

memory policy is --interleave | -i, --preferred | -p, --membind | -m, --localalloc | -l
<nodes> is a comma delimited list of node numbers or A-B ranges or all.
Instead of a number a node can also be:
  netdev:DEV the node connected to network device DEV
  file:PATH  the node the block device of path is connected to
  ip:HOST    the node of the network device host routes through
  block:PATH the node of block device path
  pci:[seg:]bus:dev[:func] The node of a PCI device
<cpus> is a comma delimited list of cpu numbers or A-B ranges or all
all ranges can be inverted with !
all numbers and ranges can be made cpuset-relative with +
the old --cpubind argument is deprecated.
use --cpunodebind or --physcpubind instead
use --balancing | -b to enable Linux kernel NUMA balancing
for the process if it is supported by kernel
<length> can have g (GB), m (MB) or k (KB) suffixes
