/var/spool/slurmd/job754575/slurm_script: line 14: .venv/bin/activate: No such file or directory
created setup with 1000 bodies
plot initial setup plus every 1 time units
plot next snapshot,	 time step=0,	 t=0,	 dt=0.00999999977648258,	 v_max=0,	 dx_min=0
plot next snapshot,	 time step=101,	 t=1.00999997742474,	 dt=0.00999999977648258,	 v_max=9928.68182030728,	 dx_min=23.5272435675716
plot next snapshot,	 time step=201,	 t=2.009999955073,	 dt=0.00999999977648258,	 v_max=9928.68180686779,	 dx_min=49.3126416065296
plot next snapshot,	 time step=301,	 t=3.00999993272126,	 dt=0.00999999977648258,	 v_max=9928.68180246305,	 dx_min=75.111219936539
plot next snapshot,	 time step=401,	 t=4.00999991036952,	 dt=0.00999999977648258,	 v_max=9928.68180027451,	 dx_min=100.912803135367
plot next snapshot,	 time step=501,	 t=5.00999988801777,	 dt=0.00999999977648258,	 v_max=9928.68179896577,	 dx_min=126.715531027609
plot next snapshot,	 time step=601,	 t=6.00999986566603,	 dt=0.00999999977648258,	 v_max=9928.6817980951,	 dx_min=152.347431676399
plot next snapshot,	 time step=701,	 t=7.00999984331429,	 dt=0.00999999977648258,	 v_max=9928.68179747408,	 dx_min=177.828377865716
plot next snapshot,	 time step=801,	 t=8.00999982096255,	 dt=0.00999999977648258,	 v_max=9928.6817970088,	 dx_min=203.309319015075
plot next snapshot,	 time step=901,	 t=9.00999979861081,	 dt=0.00999999977648258,	 v_max=9928.68179664721,	 dx_min=228.790251443074
plot next snapshot,	 time step=1001,	 t=10.0099997762591,	 dt=0.00999999977648258,	 v_max=9928.68179635811,	 dx_min=254.271174027809
plot next snapshot,	 time step=1101,	 t=11.0099997539073,	 dt=0.00999999977648258,	 v_max=9928.68179612171,	 dx_min=279.752086742472
plot next snapshot,	 time step=1201,	 t=12.0099997315556,	 dt=0.00999999977648258,	 v_max=9928.68179592477,	 dx_min=305.232990025122
plot next snapshot,	 time step=1301,	 t=13.0099997092038,	 dt=0.00999999977648258,	 v_max=9928.68179575819,	 dx_min=330.713884493599
plot next snapshot,	 time step=1401,	 t=14.0099996868521,	 dt=0.00999999977648258,	 v_max=9928.68179561546,	 dx_min=356.194770813313
plot next snapshot,	 time step=1501,	 t=15.0099996645004,	 dt=0.00999999977648258,	 v_max=9928.68179549178,	 dx_min=381.675649636225
plot next snapshot,	 time step=1601,	 t=16.0099996421486,	 dt=0.00999999977648258,	 v_max=9928.6817953836,	 dx_min=407.15652157412
plot next snapshot,	 time step=1701,	 t=17.0099996197969,	 dt=0.00999999977648258,	 v_max=9928.68179528816,	 dx_min=432.637387188634
plot next snapshot,	 time step=1801,	 t=18.0099995974451,	 dt=0.00999999977648258,	 v_max=9928.68179520333,	 dx_min=458.118246989436
plot next snapshot,	 time step=1901,	 t=19.0099995750934,	 dt=0.00999999977648258,	 v_max=9928.68179512745,	 dx_min=483.599101436383
plot next snapshot,	 time step=2001,	 t=20.0099995527416,	 dt=0.00999999977648258,	 v_max=9928.68179505917,	 dx_min=509.079950943314
plot next snapshot,	 time step=2101,	 t=21.0099995303899,	 dt=0.00999999977648258,	 v_max=9928.68179499739,	 dx_min=534.560795882398
plot next snapshot,	 time step=2201,	 t=22.0099995080382,	 dt=0.00999999977648258,	 v_max=9928.68179494124,	 dx_min=560.041636588538
plot next snapshot,	 time step=2301,	 t=23.0099994856864,	 dt=0.00999999977648258,	 v_max=9928.68179488998,	 dx_min=585.522473363504
plot next snapshot,	 time step=2401,	 t=24.0099994633347,	 dt=0.00999999977648258,	 v_max=9928.68179484299,	 dx_min=611.003306479676
plot next snapshot,	 time step=2501,	 t=25.0099994409829,	 dt=0.00999999977648258,	 v_max=9928.68179479977,	 dx_min=636.484136183385
plot next snapshot,	 time step=2601,	 t=26.0099994186312,	 dt=0.00999999977648258,	 v_max=9928.68179475987,	 dx_min=661.964962697924
plot next snapshot,	 time step=2701,	 t=27.0099993962795,	 dt=0.00999999977648258,	 v_max=9928.68179472293,	 dx_min=687.445786226173
plot next snapshot,	 time step=2801,	 t=28.0099993739277,	 dt=0.00999999977648258,	 v_max=9928.68179468864,	 dx_min=712.926606952853
plot next snapshot,	 time step=2901,	 t=29.009999351576,	 dt=0.00999999977648258,	 v_max=9928.68179465671,	 dx_min=738.407425046552
plot next snapshot,	 time step=3001,	 t=30.0099993292242,	 dt=0.00999999977648258,	 v_max=9928.68179462691,	 dx_min=763.888240661421
plot next snapshot,	 time step=3101,	 t=31.0099993068725,	 dt=0.00999999977648258,	 v_max=9928.68179459904,	 dx_min=789.369053938822
plot next snapshot,	 time step=3201,	 t=32.0099992845207,	 dt=0.00999999977648258,	 v_max=9928.6817945729,	 dx_min=814.849865008624
plot next snapshot,	 time step=3301,	 t=33.009999262169,	 dt=0.00999999977648258,	 v_max=9928.68179454836,	 dx_min=840.330673990371
plot next snapshot,	 time step=3401,	 t=34.0099992398173,	 dt=0.00999999977648258,	 v_max=9928.68179452526,	 dx_min=865.811480994299
plot next snapshot,	 time step=3501,	 t=35.0099992174655,	 dt=0.00999999977648258,	 v_max=9928.68179450347,	 dx_min=891.292286122224
plot next snapshot,	 time step=3601,	 t=36.0099991951138,	 dt=0.00999999977648258,	 v_max=9928.68179448291,	 dx_min=916.773089468512
plot next snapshot,	 time step=3701,	 t=37.009999172762,	 dt=0.00999999977648258,	 v_max=9928.68179446345,	 dx_min=942.253891120639
plot next snapshot,	 time step=3801,	 t=38.0099991504103,	 dt=0.00999999977648258,	 v_max=9928.68179444501,	 dx_min=967.734691159835
plot next snapshot,	 time step=3901,	 t=39.0099991280586,	 dt=0.00999999977648258,	 v_max=9928.68179442753,	 dx_min=993.215489661779
plot next snapshot,	 time step=4001,	 t=40.0099991057068,	 dt=0.00999999977648258,	 v_max=9928.68179441092,	 dx_min=1018.69628669693
plot next snapshot,	 time step=4101,	 t=41.0099990833551,	 dt=0.00999999977648258,	 v_max=9928.68179439512,	 dx_min=1044.17708233111
plot next snapshot,	 time step=4201,	 t=42.0099990610033,	 dt=0.00999999977648258,	 v_max=9928.68179438007,	 dx_min=1069.65787662584
plot next snapshot,	 time step=4301,	 t=43.0099990386516,	 dt=0.00999999977648258,	 v_max=9928.68179436572,	 dx_min=1095.13866963865
plot next snapshot,	 time step=4401,	 t=44.0099990162998,	 dt=0.00999999977648258,	 v_max=9928.68179435203,	 dx_min=1120.61946142356
plot next snapshot,	 time step=4501,	 t=45.0099989939481,	 dt=0.00999999977648258,	 v_max=9928.68179433894,	 dx_min=1146.10025203125
plot next snapshot,	 time step=4601,	 t=46.0099989715964,	 dt=0.00999999977648258,	 v_max=9928.68179432642,	 dx_min=1171.58104150932
plot next snapshot,	 time step=4701,	 t=47.0099989492446,	 dt=0.00999999977648258,	 v_max=9928.68179431444,	 dx_min=1197.06182990257
plot next snapshot,	 time step=4801,	 t=48.0099989268929,	 dt=0.00999999977648258,	 v_max=9928.68179430295,	 dx_min=1222.54261725323
plot next snapshot,	 time step=4901,	 t=49.0099989045411,	 dt=0.00999999977648258,	 v_max=9928.68179429194,	 dx_min=1248.02340360111
plot next snapshot,	 time step=5001,	 t=50.0099988821894,	 dt=0.00999999977648258,	 v_max=9928.68179428136,	 dx_min=1273.50418898379
plot next snapshot,	 time step=5101,	 t=51.0099988598377,	 dt=0.00999999977648258,	 v_max=9928.6817942712,	 dx_min=1298.98497343679
plot next snapshot,	 time step=5201,	 t=52.0099988374859,	 dt=0.00999999977648258,	 v_max=9928.68179426144,	 dx_min=1324.46575699372
plot next snapshot,	 time step=5301,	 t=53.0099988151342,	 dt=0.00999999977648258,	 v_max=9928.68179425203,	 dx_min=1349.94653968643
plot next snapshot,	 time step=5401,	 t=54.0099987927824,	 dt=0.00999999977648258,	 v_max=9928.68179424298,	 dx_min=1375.42732154509
plot next snapshot,	 time step=5501,	 t=55.0099987704307,	 dt=0.00999999977648258,	 v_max=9928.68179423426,	 dx_min=1400.90810259835
plot next snapshot,	 time step=5601,	 t=56.0099987480789,	 dt=0.00999999977648258,	 v_max=9928.68179422585,	 dx_min=1426.38888287333
plot next snapshot,	 time step=5701,	 t=57.0099987257272,	 dt=0.00999999977648258,	 v_max=9928.68179421774,	 dx_min=1451.86966239592
plot next snapshot,	 time step=5801,	 t=58.0099987033755,	 dt=0.00999999977648258,	 v_max=9928.6817942099,	 dx_min=1477.35044119065
plot next snapshot,	 time step=5901,	 t=59.0099986810237,	 dt=0.00999999977648258,	 v_max=9928.68179420233,	 dx_min=1502.83121928097
plot next snapshot,	 time step=6001,	 t=60.009998658672,	 dt=0.00999999977648258,	 v_max=9928.68179419501,	 dx_min=1528.3119966891
plot next snapshot,	 time step=6101,	 t=61.0099986363202,	 dt=0.00999999977648258,	 v_max=9928.68179418794,	 dx_min=1553.79277343636
plot next snapshot,	 time step=6201,	 t=62.0099986139685,	 dt=0.00999999977648258,	 v_max=9928.68179418108,	 dx_min=1579.27354954298
plot next snapshot,	 time step=6301,	 t=63.0099985916167,	 dt=0.00999999977648258,	 v_max=9928.68179417445,	 dx_min=1604.75432502835
plot next snapshot,	 time step=6401,	 t=64.009998569265,	 dt=0.00999999977648258,	 v_max=9928.68179416803,	 dx_min=1630.23509991102
plot next snapshot,	 time step=6501,	 t=65.0099985469133,	 dt=0.00999999977648258,	 v_max=9928.6817941618,	 dx_min=1655.7158742086
plot next snapshot,	 time step=6601,	 t=66.0099985245615,	 dt=0.00999999977648258,	 v_max=9928.68179415576,	 dx_min=1681.19664793802
plot next snapshot,	 time step=6701,	 t=67.0099985022098,	 dt=0.00999999977648258,	 v_max=9928.68179414991,	 dx_min=1706.67742111551
plot next snapshot,	 time step=6801,	 t=68.009998479858,	 dt=0.00999999977648258,	 v_max=9928.68179414422,	 dx_min=1732.1581937566
plot next snapshot,	 time step=6901,	 t=69.0099984575063,	 dt=0.00999999977648258,	 v_max=9928.6817941387,	 dx_min=1757.63896587617
plot next snapshot,	 time step=7001,	 t=70.0099984351546,	 dt=0.00999999977648258,	 v_max=9928.68179413334,	 dx_min=1783.11973748854
plot next snapshot,	 time step=7101,	 t=71.0099984128028,	 dt=0.00999999977648258,	 v_max=9928.68179412813,	 dx_min=1808.60050860733
plot next snapshot,	 time step=7201,	 t=72.0099983904511,	 dt=0.00999999977648258,	 v_max=9928.68179412306,	 dx_min=1834.08127924566
plot next snapshot,	 time step=7301,	 t=73.0099983680993,	 dt=0.00999999977648258,	 v_max=9928.68179411813,	 dx_min=1859.56204941615
plot next snapshot,	 time step=7401,	 t=74.0099983457476,	 dt=0.00999999977648258,	 v_max=9928.68179411334,	 dx_min=1885.04281913102
plot next snapshot,	 time step=7501,	 t=75.0099983233958,	 dt=0.00999999977648258,	 v_max=9928.68179410868,	 dx_min=1910.52358840189
plot next snapshot,	 time step=7601,	 t=76.0099983010441,	 dt=0.00999999977648258,	 v_max=9928.68179410413,	 dx_min=1936.00435724011
plot next snapshot,	 time step=7701,	 t=77.0099982786924,	 dt=0.00999999977648258,	 v_max=9928.6817940997,	 dx_min=1961.48512565627
plot next snapshot,	 time step=7801,	 t=78.0099982563406,	 dt=0.00999999977648258,	 v_max=9928.6817940954,	 dx_min=1986.96589366097
plot next snapshot,	 time step=7901,	 t=79.0099982339889,	 dt=0.00999999977648258,	 v_max=9928.68179409119,	 dx_min=2012.44666126417
plot next snapshot,	 time step=8001,	 t=80.0099982116371,	 dt=0.00999999977648258,	 v_max=9928.68179408708,	 dx_min=2037.92742847555
plot next snapshot,	 time step=8101,	 t=81.0099981892854,	 dt=0.00999999977648258,	 v_max=9928.68179408309,	 dx_min=2063.40819530446
plot next snapshot,	 time step=8201,	 t=82.0099981669337,	 dt=0.00999999977648258,	 v_max=9928.6817940792,	 dx_min=2088.88896175985
plot next snapshot,	 time step=8301,	 t=83.0099981445819,	 dt=0.00999999977648258,	 v_max=9928.68179407539,	 dx_min=2114.36972785041
plot next snapshot,	 time step=8401,	 t=84.0099981222302,	 dt=0.00999999977648258,	 v_max=9928.68179407168,	 dx_min=2139.85049358456
plot next snapshot,	 time step=8501,	 t=85.0099980998784,	 dt=0.00999999977648258,	 v_max=9928.68179406804,	 dx_min=2165.33125897041
plot next snapshot,	 time step=8601,	 t=86.0099980775267,	 dt=0.00999999977648258,	 v_max=9928.68179406451,	 dx_min=2190.81202401574
plot next snapshot,	 time step=8701,	 t=87.0099980551749,	 dt=0.00999999977648258,	 v_max=9928.68179406105,	 dx_min=2216.29278872814
plot next snapshot,	 time step=8801,	 t=88.0099980328232,	 dt=0.00999999977648258,	 v_max=9928.68179405765,	 dx_min=2241.77355311491
plot next snapshot,	 time step=8901,	 t=89.0099980104715,	 dt=0.00999999977648258,	 v_max=9928.68179405437,	 dx_min=2267.2543171832
plot next snapshot,	 time step=9001,	 t=90.0099979881197,	 dt=0.00999999977648258,	 v_max=9928.68179405112,	 dx_min=2292.7350809398
plot next snapshot,	 time step=9101,	 t=91.009997965768,	 dt=0.00999999977648258,	 v_max=9928.68179404797,	 dx_min=2318.21584439134
plot next snapshot,	 time step=9201,	 t=92.0099979434162,	 dt=0.00999999977648258,	 v_max=9928.68179404487,	 dx_min=2343.69660754428
plot next snapshot,	 time step=9301,	 t=93.0099979210645,	 dt=0.00999999977648258,	 v_max=9928.68179404184,	 dx_min=2369.17737040486
plot next snapshot,	 time step=9401,	 t=94.0099978987128,	 dt=0.00999999977648258,	 v_max=9928.68179403889,	 dx_min=2394.65813297904
plot next snapshot,	 time step=9501,	 t=95.009997876361,	 dt=0.00999999977648258,	 v_max=9928.68179403597,	 dx_min=2420.13889527267
plot next snapshot,	 time step=9601,	 t=96.0099978540093,	 dt=0.00999999977648258,	 v_max=9928.68179403315,	 dx_min=2445.61965729149
plot next snapshot,	 time step=9701,	 t=97.0099978316575,	 dt=0.00999999977648258,	 v_max=9928.68179403035,	 dx_min=2471.10041904094
plot next snapshot,	 time step=9801,	 t=98.0099978093058,	 dt=0.00999999977648258,	 v_max=9928.68179402765,	 dx_min=2496.58118052641
plot next snapshot,	 time step=9901,	 t=99.009997786954,	 dt=0.00999999977648258,	 v_max=9928.68179402496,	 dx_min=2522.06194175304
plot next snapshot,	 time step=10001,	 t=100.009997764602,	 dt=0.00999999977648258,	 v_max=9928.68179402235,	 dx_min=2547.54270272586
Number of remaining objects: 1000
Position of first remaining object: 16964.8599900197, 19650.7066575122, 20882.1131646975

=== Timing Summary ===
Total simulation time: 264.353186368942 seconds
Force calculation time: 264.131611824036 seconds (99.9161823816274%)
Position update time: 0.027940034866333 seconds (0.0105692067684551%)
Velocity update time: 0.178321361541748 seconds (0.0674557261787174%)
Timing data has been written to nbody_timing.csv

real	4m24.487s
user	4m24.406s
sys	0m0.023s
