/var/spool/slurmd/job754580/slurm_script: line 25: .venv/bin/activate: No such file or directory
created setup with 8000 bodies
plot initial setup plus every 0.1 time units
Successfully loaded 8000 bodies from input file: large_sim.nbody
plot next snapshot,	 time step=0,	 t=0,	 dt=0.01,	 v_max=0,	 dx_min=0
plot next snapshot,	 time step=11,	 t=0.11,	 dt=0.01,	 v_max=3367.05518195488,	 dx_min=0.0224451557844213
plot next snapshot,	 time step=20,	 t=0.2,	 dt=0.01,	 v_max=3367.05233601411,	 dx_min=0.0324730103542747
plot next snapshot,	 time step=30,	 t=0.3,	 dt=0.01,	 v_max=3367.05144406474,	 dx_min=0.0313146186404522
plot next snapshot,	 time step=40,	 t=0.4,	 dt=0.01,	 v_max=3367.05104144296,	 dx_min=0.0446671627800236
plot next snapshot,	 time step=50,	 t=0.5,	 dt=0.01,	 v_max=3367.05081216761,	 dx_min=0.066914268786348
plot next snapshot,	 time step=60,	 t=0.6,	 dt=0.01,	 v_max=3367.05066412188,	 dx_min=0.0887504768883211
plot next snapshot,	 time step=70,	 t=0.7,	 dt=0.01,	 v_max=3367.05056063458,	 dx_min=0.0435084142991339
plot next snapshot,	 time step=80,	 t=0.8,	 dt=0.01,	 v_max=3367.05048422068,	 dx_min=0.133676802127962
plot next snapshot,	 time step=90,	 t=0.900000000000001,	 dt=0.01,	 v_max=3367.05042548517,	 dx_min=0.0715724868113716
plot next snapshot,	 time step=100,	 t=1,	 dt=0.01,	 v_max=3367.05037892932,	 dx_min=0.143544377122671
Number of remaining objects: 8000
Position of first remaining object: 72.1296504606798, 94.3126294655865, 74.4394811028752

real	1m32.654s
user	1m32.570s
sys	0m0.012s
