/var/spool/slurmd/job745434/slurm_script: line 25: .venv/bin/activate: No such file or directory
=== GPU-Accelerated N-Body Simulation ===
Setting up from command line arguments
created setup with 1000 bodies
plot initial setup plus every 1 time units
GPU arrays initialized with 1000 bodies
plot next snapshot,	 time step=0,	 t=0,	 dt=0.00999999977648258,	 v_max=0,	 dx_min=0
Starting simulation...
plot next snapshot,	 time step=101,	 t=1.00999997742474,	 dt=0.00999999977648258,	 v_max=9928.68182030756,	 dx_min=23.5272435675674
plot next snapshot,	 time step=201,	 t=2.009999955073,	 dt=0.00999999977648258,	 v_max=9928.68180686807,	 dx_min=49.3126416065214
plot next snapshot,	 time step=301,	 t=3.00999993272126,	 dt=0.00999999977648258,	 v_max=9928.68180246334,	 dx_min=75.1112199365264
plot next snapshot,	 time step=401,	 t=4.00999991036952,	 dt=0.00999999977648258,	 v_max=9928.68180027479,	 dx_min=100.91280313535
plot next snapshot,	 time step=501,	 t=5.00999988801777,	 dt=0.00999999977648258,	 v_max=9928.68179896605,	 dx_min=126.71553102759
plot next snapshot,	 time step=601,	 t=6.00999986566603,	 dt=0.00999999977648258,	 v_max=9928.68179809538,	 dx_min=152.347431676398
plot next snapshot,	 time step=701,	 t=7.00999984331429,	 dt=0.00999999977648258,	 v_max=9928.68179747436,	 dx_min=177.828377865716
plot next snapshot,	 time step=801,	 t=8.00999982096255,	 dt=0.00999999977648258,	 v_max=9928.68179700908,	 dx_min=203.309319015074
plot next snapshot,	 time step=901,	 t=9.00999979861081,	 dt=0.00999999977648258,	 v_max=9928.68179664749,	 dx_min=228.790251443072
plot next snapshot,	 time step=1001,	 t=10.0099997762591,	 dt=0.00999999977648258,	 v_max=9928.68179635839,	 dx_min=254.271174027808
plot next snapshot,	 time step=1101,	 t=11.0099997539073,	 dt=0.00999999977648258,	 v_max=9928.68179612199,	 dx_min=279.75208674247
plot next snapshot,	 time step=1201,	 t=12.0099997315556,	 dt=0.00999999977648258,	 v_max=9928.68179592505,	 dx_min=305.232990025121
plot next snapshot,	 time step=1301,	 t=13.0099997092038,	 dt=0.00999999977648258,	 v_max=9928.68179575847,	 dx_min=330.713884493597
plot next snapshot,	 time step=1401,	 t=14.0099996868521,	 dt=0.00999999977648258,	 v_max=9928.68179561574,	 dx_min=356.194770813311
plot next snapshot,	 time step=1501,	 t=15.0099996645004,	 dt=0.00999999977648258,	 v_max=9928.68179549207,	 dx_min=381.675649636223
plot next snapshot,	 time step=1601,	 t=16.0099996421486,	 dt=0.00999999977648258,	 v_max=9928.68179538388,	 dx_min=407.156521574118
plot next snapshot,	 time step=1701,	 t=17.0099996197969,	 dt=0.00999999977648258,	 v_max=9928.68179528844,	 dx_min=432.637387188632
plot next snapshot,	 time step=1801,	 t=18.0099995974451,	 dt=0.00999999977648258,	 v_max=9928.68179520361,	 dx_min=458.118246989434
plot next snapshot,	 time step=1901,	 t=19.0099995750934,	 dt=0.00999999977648258,	 v_max=9928.68179512773,	 dx_min=483.59910143638
plot next snapshot,	 time step=2001,	 t=20.0099995527416,	 dt=0.00999999977648258,	 v_max=9928.68179505945,	 dx_min=509.079950943311
plot next snapshot,	 time step=2101,	 t=21.0099995303899,	 dt=0.00999999977648258,	 v_max=9928.68179499767,	 dx_min=534.560795882395
plot next snapshot,	 time step=2201,	 t=22.0099995080382,	 dt=0.00999999977648258,	 v_max=9928.68179494152,	 dx_min=560.041636588535
plot next snapshot,	 time step=2301,	 t=23.0099994856864,	 dt=0.00999999977648258,	 v_max=9928.68179489026,	 dx_min=585.5224733635
plot next snapshot,	 time step=2401,	 t=24.0099994633347,	 dt=0.00999999977648258,	 v_max=9928.68179484327,	 dx_min=611.003306479672
plot next snapshot,	 time step=2501,	 t=25.0099994409829,	 dt=0.00999999977648258,	 v_max=9928.68179480005,	 dx_min=636.484136183381
plot next snapshot,	 time step=2601,	 t=26.0099994186312,	 dt=0.00999999977648258,	 v_max=9928.68179476015,	 dx_min=661.964962697921
plot next snapshot,	 time step=2701,	 t=27.0099993962795,	 dt=0.00999999977648258,	 v_max=9928.68179472321,	 dx_min=687.445786226171
plot next snapshot,	 time step=2801,	 t=28.0099993739277,	 dt=0.00999999977648258,	 v_max=9928.68179468892,	 dx_min=712.92660695285
plot next snapshot,	 time step=2901,	 t=29.009999351576,	 dt=0.00999999977648258,	 v_max=9928.68179465699,	 dx_min=738.407425046549
plot next snapshot,	 time step=3001,	 t=30.0099993292242,	 dt=0.00999999977648258,	 v_max=9928.68179462719,	 dx_min=763.888240661418
plot next snapshot,	 time step=3101,	 t=31.0099993068725,	 dt=0.00999999977648258,	 v_max=9928.68179459932,	 dx_min=789.369053938823
plot next snapshot,	 time step=3201,	 t=32.0099992845207,	 dt=0.00999999977648258,	 v_max=9928.68179457318,	 dx_min=814.849865008624
plot next snapshot,	 time step=3301,	 t=33.009999262169,	 dt=0.00999999977648258,	 v_max=9928.68179454864,	 dx_min=840.330673990371
plot next snapshot,	 time step=3401,	 t=34.0099992398173,	 dt=0.00999999977648258,	 v_max=9928.68179452554,	 dx_min=865.811480994298
plot next snapshot,	 time step=3501,	 t=35.0099992174655,	 dt=0.00999999977648258,	 v_max=9928.68179450376,	 dx_min=891.292286122223
plot next snapshot,	 time step=3601,	 t=36.0099991951138,	 dt=0.00999999977648258,	 v_max=9928.68179448319,	 dx_min=916.773089468511
plot next snapshot,	 time step=3701,	 t=37.009999172762,	 dt=0.00999999977648258,	 v_max=9928.68179446373,	 dx_min=942.253891120639
plot next snapshot,	 time step=3801,	 t=38.0099991504103,	 dt=0.00999999977648258,	 v_max=9928.68179444529,	 dx_min=967.734691159834
plot next snapshot,	 time step=3901,	 t=39.0099991280586,	 dt=0.00999999977648258,	 v_max=9928.68179442781,	 dx_min=993.215489661778
plot next snapshot,	 time step=4001,	 t=40.0099991057068,	 dt=0.00999999977648258,	 v_max=9928.6817944112,	 dx_min=1018.69628669693
plot next snapshot,	 time step=4101,	 t=41.0099990833551,	 dt=0.00999999977648258,	 v_max=9928.6817943954,	 dx_min=1044.17708233111
plot next snapshot,	 time step=4201,	 t=42.0099990610033,	 dt=0.00999999977648258,	 v_max=9928.68179438035,	 dx_min=1069.65787662584
plot next snapshot,	 time step=4301,	 t=43.0099990386516,	 dt=0.00999999977648258,	 v_max=9928.681794366,	 dx_min=1095.13866963865
plot next snapshot,	 time step=4401,	 t=44.0099990162998,	 dt=0.00999999977648258,	 v_max=9928.68179435231,	 dx_min=1120.61946142356
plot next snapshot,	 time step=4501,	 t=45.0099989939481,	 dt=0.00999999977648258,	 v_max=9928.68179433922,	 dx_min=1146.10025203125
plot next snapshot,	 time step=4601,	 t=46.0099989715964,	 dt=0.00999999977648258,	 v_max=9928.6817943267,	 dx_min=1171.58104150932
plot next snapshot,	 time step=4701,	 t=47.0099989492446,	 dt=0.00999999977648258,	 v_max=9928.68179431472,	 dx_min=1197.06182990256
plot next snapshot,	 time step=4801,	 t=48.0099989268929,	 dt=0.00999999977648258,	 v_max=9928.68179430323,	 dx_min=1222.54261725323
plot next snapshot,	 time step=4901,	 t=49.0099989045411,	 dt=0.00999999977648258,	 v_max=9928.68179429222,	 dx_min=1248.02340360111
plot next snapshot,	 time step=5001,	 t=50.0099988821894,	 dt=0.00999999977648258,	 v_max=9928.68179428164,	 dx_min=1273.50418898379
plot next snapshot,	 time step=5101,	 t=51.0099988598377,	 dt=0.00999999977648258,	 v_max=9928.68179427148,	 dx_min=1298.98497343678
plot next snapshot,	 time step=5201,	 t=52.0099988374859,	 dt=0.00999999977648258,	 v_max=9928.68179426172,	 dx_min=1324.46575699372
plot next snapshot,	 time step=5301,	 t=53.0099988151342,	 dt=0.00999999977648258,	 v_max=9928.68179425231,	 dx_min=1349.94653968643
plot next snapshot,	 time step=5401,	 t=54.0099987927824,	 dt=0.00999999977648258,	 v_max=9928.68179424326,	 dx_min=1375.42732154509
plot next snapshot,	 time step=5501,	 t=55.0099987704307,	 dt=0.00999999977648258,	 v_max=9928.68179423454,	 dx_min=1400.90810259835
plot next snapshot,	 time step=5601,	 t=56.0099987480789,	 dt=0.00999999977648258,	 v_max=9928.68179422613,	 dx_min=1426.38888287333
plot next snapshot,	 time step=5701,	 t=57.0099987257272,	 dt=0.00999999977648258,	 v_max=9928.68179421802,	 dx_min=1451.86966239592
plot next snapshot,	 time step=5801,	 t=58.0099987033755,	 dt=0.00999999977648258,	 v_max=9928.68179421018,	 dx_min=1477.35044119065
plot next snapshot,	 time step=5901,	 t=59.0099986810237,	 dt=0.00999999977648258,	 v_max=9928.68179420261,	 dx_min=1502.83121928097
plot next snapshot,	 time step=6001,	 t=60.009998658672,	 dt=0.00999999977648258,	 v_max=9928.68179419529,	 dx_min=1528.3119966891
plot next snapshot,	 time step=6101,	 t=61.0099986363202,	 dt=0.00999999977648258,	 v_max=9928.68179418822,	 dx_min=1553.79277343636
plot next snapshot,	 time step=6201,	 t=62.0099986139685,	 dt=0.00999999977648258,	 v_max=9928.68179418136,	 dx_min=1579.27354954298
plot next snapshot,	 time step=6301,	 t=63.0099985916167,	 dt=0.00999999977648258,	 v_max=9928.68179417473,	 dx_min=1604.75432502835
plot next snapshot,	 time step=6401,	 t=64.009998569265,	 dt=0.00999999977648258,	 v_max=9928.68179416831,	 dx_min=1630.23509991101
plot next snapshot,	 time step=6501,	 t=65.0099985469133,	 dt=0.00999999977648258,	 v_max=9928.68179416208,	 dx_min=1655.7158742086
plot next snapshot,	 time step=6601,	 t=66.0099985245615,	 dt=0.00999999977648258,	 v_max=9928.68179415605,	 dx_min=1681.19664793801
plot next snapshot,	 time step=6701,	 t=67.0099985022098,	 dt=0.00999999977648258,	 v_max=9928.68179415019,	 dx_min=1706.67742111551
plot next snapshot,	 time step=6801,	 t=68.009998479858,	 dt=0.00999999977648258,	 v_max=9928.68179414451,	 dx_min=1732.1581937566
plot next snapshot,	 time step=6901,	 t=69.0099984575063,	 dt=0.00999999977648258,	 v_max=9928.68179413898,	 dx_min=1757.63896587616
plot next snapshot,	 time step=7001,	 t=70.0099984351546,	 dt=0.00999999977648258,	 v_max=9928.68179413362,	 dx_min=1783.11973748854
plot next snapshot,	 time step=7101,	 t=71.0099984128028,	 dt=0.00999999977648258,	 v_max=9928.68179412841,	 dx_min=1808.60050860733
plot next snapshot,	 time step=7201,	 t=72.0099983904511,	 dt=0.00999999977648258,	 v_max=9928.68179412334,	 dx_min=1834.08127924565
plot next snapshot,	 time step=7301,	 t=73.0099983680993,	 dt=0.00999999977648258,	 v_max=9928.68179411841,	 dx_min=1859.56204941616
plot next snapshot,	 time step=7401,	 t=74.0099983457476,	 dt=0.00999999977648258,	 v_max=9928.68179411363,	 dx_min=1885.04281913102
plot next snapshot,	 time step=7501,	 t=75.0099983233958,	 dt=0.00999999977648258,	 v_max=9928.68179410896,	 dx_min=1910.5235884019
plot next snapshot,	 time step=7601,	 t=76.0099983010441,	 dt=0.00999999977648258,	 v_max=9928.68179410441,	 dx_min=1936.00435724011
plot next snapshot,	 time step=7701,	 t=77.0099982786924,	 dt=0.00999999977648258,	 v_max=9928.68179409998,	 dx_min=1961.48512565627
plot next snapshot,	 time step=7801,	 t=78.0099982563406,	 dt=0.00999999977648258,	 v_max=9928.68179409568,	 dx_min=1986.96589366097
plot next snapshot,	 time step=7901,	 t=79.0099982339889,	 dt=0.00999999977648258,	 v_max=9928.68179409147,	 dx_min=2012.44666126417
plot next snapshot,	 time step=8001,	 t=80.0099982116371,	 dt=0.00999999977648258,	 v_max=9928.68179408736,	 dx_min=2037.92742847555
plot next snapshot,	 time step=8101,	 t=81.0099981892854,	 dt=0.00999999977648258,	 v_max=9928.68179408338,	 dx_min=2063.40819530446
plot next snapshot,	 time step=8201,	 t=82.0099981669337,	 dt=0.00999999977648258,	 v_max=9928.68179407948,	 dx_min=2088.88896175985
plot next snapshot,	 time step=8301,	 t=83.0099981445819,	 dt=0.00999999977648258,	 v_max=9928.68179407567,	 dx_min=2114.36972785041
plot next snapshot,	 time step=8401,	 t=84.0099981222302,	 dt=0.00999999977648258,	 v_max=9928.68179407196,	 dx_min=2139.85049358456
plot next snapshot,	 time step=8501,	 t=85.0099980998784,	 dt=0.00999999977648258,	 v_max=9928.68179406832,	 dx_min=2165.33125897041
plot next snapshot,	 time step=8601,	 t=86.0099980775267,	 dt=0.00999999977648258,	 v_max=9928.68179406479,	 dx_min=2190.81202401574
plot next snapshot,	 time step=8701,	 t=87.0099980551749,	 dt=0.00999999977648258,	 v_max=9928.68179406133,	 dx_min=2216.29278872814
plot next snapshot,	 time step=8801,	 t=88.0099980328232,	 dt=0.00999999977648258,	 v_max=9928.68179405793,	 dx_min=2241.77355311491
plot next snapshot,	 time step=8901,	 t=89.0099980104715,	 dt=0.00999999977648258,	 v_max=9928.68179405465,	 dx_min=2267.2543171832
plot next snapshot,	 time step=9001,	 t=90.0099979881197,	 dt=0.00999999977648258,	 v_max=9928.6817940514,	 dx_min=2292.7350809398
plot next snapshot,	 time step=9101,	 t=91.009997965768,	 dt=0.00999999977648258,	 v_max=9928.68179404824,	 dx_min=2318.21584439134
plot next snapshot,	 time step=9201,	 t=92.0099979434162,	 dt=0.00999999977648258,	 v_max=9928.68179404515,	 dx_min=2343.69660754428
plot next snapshot,	 time step=9301,	 t=93.0099979210645,	 dt=0.00999999977648258,	 v_max=9928.68179404212,	 dx_min=2369.17737040485
plot next snapshot,	 time step=9401,	 t=94.0099978987128,	 dt=0.00999999977648258,	 v_max=9928.68179403917,	 dx_min=2394.65813297903
plot next snapshot,	 time step=9501,	 t=95.009997876361,	 dt=0.00999999977648258,	 v_max=9928.68179403625,	 dx_min=2420.13889527267
plot next snapshot,	 time step=9601,	 t=96.0099978540093,	 dt=0.00999999977648258,	 v_max=9928.68179403343,	 dx_min=2445.61965729149
plot next snapshot,	 time step=9701,	 t=97.0099978316575,	 dt=0.00999999977648258,	 v_max=9928.68179403063,	 dx_min=2471.10041904093
plot next snapshot,	 time step=9801,	 t=98.0099978093058,	 dt=0.00999999977648258,	 v_max=9928.68179402793,	 dx_min=2496.58118052641
plot next snapshot,	 time step=9901,	 t=99.009997786954,	 dt=0.00999999977648258,	 v_max=9928.68179402524,	 dx_min=2522.06194175304
plot next snapshot,	 time step=10001,	 t=100.009997764602,	 dt=0.00999999977648258,	 v_max=9928.68179402263,	 dx_min=2547.54270272586
Number of remaining objects: 1000
Position of first remaining object: 16964.8599900196, 19650.7066575122, 20882.1131646975
Simulation completed successfully.

real	0m11.667s
user	0m11.435s
sys	0m0.191s
